#
# A fatal error has been detected by the Java Runtime Environment:
#
#  Internal Error (jvmciRuntime.cpp:1609), pid=32, tid=46
#  fatal error: Fatal exception in JVMCI: Error calling jdk.vm.ci.services.Services.serializeSavedProperties
#
# JRE version: OpenJDK Runtime Environment GraalVM CE 22.3.0 (17.0.5+8) (build 17.0.5+8-jvmci-22.3-b08)
# Java VM: OpenJDK 64-Bit Server VM GraalVM CE 22.3.0 (17.0.5+8-jvmci-22.3-b08, mixed mode, sharing, tiered, jvmci, jvmci compiler, compressed oops, compressed class ptrs, parallel gc, linux-amd64)
# Problematic frame:
# V  [libjvm.so+0x972714]  JVMCIRuntime::fatal_exception(JVMCIEnv*, char const*)+0x74
#
# Core dump will be written. Default location: Core dumps may be processed with "/usr/share/apport/apport -p%p -s%s -c%c -d%d -P%P -u%u -g%g -- %E" (or dumping to /home/runner/eBayManager/core.32)
#
# If you would like to submit a bug report, please visit:
#   https://github.com/oracle/graal/issues
#

---------------  S U M M A R Y ------------

Command Line: -XX:ThreadPriorityPolicy=1 -XX:+UnlockExperimentalVMOptions -XX:+EnableJVMCIProduct -XX:JVMCIThreadsPerNativeLibraryRuntime=1 -XX:-UnlockExperimentalVMOptions -Declipse.application=org.eclipse.jdt.ls.core.id1 -Dosgi.bundles.defaultStartLevel=4 -Declipse.product=org.eclipse.jdt.ls.core.product -Dlog.level=ALL -Xverify:none -XX:+UseParallelGC -XX:GCTimeRatio=4 -XX:AdaptiveSizePolicyWeight=90 -Dsun.zip.disableMemoryMapping=true -Xmx512m -Xms100m /nix/store/m6gcpi1ii6rghy04cjwjddcavv7i90df-jdt-language-server-1.9.0/share/java/plugins/org.eclipse.equinox.launcher_1.6.400.v20210924-0641.jar --add-modules=ALL-SYSTEM --add-opens java.base/java.util=ALL-UNNAMED --add-opens java.base/java.lang=ALL-UNNAMED -configuration /home/runner/.cache/jdt-language-server/config -data /home/runner/.cache/jdt-language-server/data/home/runner/eBayManager

Host: AMD EPYC 7B12, 8 cores, 1G, Ubuntu 20.04.2 LTS
Time: Mon Mar 20 11:30:52 2023 UTC elapsed time: 2021.572507 seconds (0d 0h 33m 41s)

---------------  T H R E A D  ---------------

Current thread (0x00007ff2f00b2210):  JavaThread "JVMCI-native CompilerThread0" daemon [_thread_in_vm, id=46, stack(0x00007ff2d5118000,0x00007ff2d5318000)]


Current CompileTask:
JVMCI-native:2021587 10272       4       org.eclipse.jdt.internal.compiler.lookup.LookupEnvironment::getTypeFromCompoundName (152 bytes)

Stack: [0x00007ff2d5118000,0x00007ff2d5318000],  sp=0x00007ff2d5316380,  free space=2040k
Native frames: (J=compiled Java code, j=interpreted, Vv=VM code, C=native code)
V  [libjvm.so+0x972714]  JVMCIRuntime::fatal_exception(JVMCIEnv*, char const*)+0x74
V  [libjvm.so+0x93e2fe]  JVMCIEnv::copy_saved_properties()+0x14e
V  [libjvm.so+0x9732a9]  JVMCIRuntime::initialize(JVMCIEnv*)+0xb19
V  [libjvm.so+0x9738a2]  JVMCIRuntime::get_HotSpotJVMCIRuntime(JVMCIEnv*)+0x12
V  [libjvm.so+0x9749f2]  JVMCIRuntime::compile_method(JVMCIEnv*, JVMCICompiler*, methodHandle const&, int)+0xd2
V  [libjvm.so+0x5b0d20]  CompileBroker::invoke_compiler_on_method(CompileTask*)+0x1470
V  [libjvm.so+0x5b12e8]  CompileBroker::compiler_thread_loop()+0x528
V  [libjvm.so+0xd82460]  JavaThread::thread_main_inner()+0xd0
V  [libjvm.so+0xd85a40]  Thread::call_run()+0xc0
V  [libjvm.so+0xbdb1e1]  thread_native_entry(Thread*)+0xe1

Register to memory mapping:

RAX=0x00007ff2f4e1f000 points into unknown readable memory: 0x0000000000000058 | 58 00 00 00 00 00 00 00
RBX=0x00007ff2f5f1a398: <offset 0x0000000000ef5398> in /nix/store/gpxl5qgg8kicmcvivwmybwjlpf7wh20l-graalvm17-ce-22.3.0/lib/server/libjvm.so at 0x00007ff2f5025000
RCX=0x00007ff2f5ed21e8: <offset 0x0000000000ead1e8> in /nix/store/gpxl5qgg8kicmcvivwmybwjlpf7wh20l-graalvm17-ce-22.3.0/lib/server/libjvm.so at 0x00007ff2f5025000
RDX=0x0000000000000649 is an unknown value
RSP=0x00007ff2d5316380 is pointing into the stack for thread: 0x00007ff2f00b2210
RBP=0x00007ff2d53163a0 is pointing into the stack for thread: 0x00007ff2f00b2210
RSI=0x00007ff2f5f1ac48: <offset 0x0000000000ef5c48> in /nix/store/gpxl5qgg8kicmcvivwmybwjlpf7wh20l-graalvm17-ce-22.3.0/lib/server/libjvm.so at 0x00007ff2f5025000
RDI=0x00000000e0000000 is an oop: [B 
{0x00000000e0000000} - klass: {type array byte}
 - length: 49
R8 =0x00007ff2f5f1a398: <offset 0x0000000000ef5398> in /nix/store/gpxl5qgg8kicmcvivwmybwjlpf7wh20l-graalvm17-ce-22.3.0/lib/server/libjvm.so at 0x00007ff2f5025000
R9 =0x00007ff2d5316330 is pointing into the stack for thread: 0x00007ff2f00b2210
R10=0x00007ff2d5317948 is pointing into the stack for thread: 0x00007ff2f00b2210
R11=0x0000000000000293 is an unknown value
R12=0x0 is NULL
R13=0x00007ff2f00b2210 is a thread
R14=0x00007ff2f0000b80 points into unknown readable memory: 0x00007ff2f614ba38 | 38 ba 14 f6 f2 7f 00 00
R15=0x00007ff2f6259e40: <offset 0x0000000001234e40> in /nix/store/gpxl5qgg8kicmcvivwmybwjlpf7wh20l-graalvm17-ce-22.3.0/lib/server/libjvm.so at 0x00007ff2f5025000


Registers:
RAX=0x00007ff2f4e1f000, RBX=0x00007ff2f5f1a398, RCX=0x00007ff2f5ed21e8, RDX=0x0000000000000649
RSP=0x00007ff2d5316380, RBP=0x00007ff2d53163a0, RSI=0x00007ff2f5f1ac48, RDI=0x00000000e0000000
R8 =0x00007ff2f5f1a398, R9 =0x00007ff2d5316330, R10=0x00007ff2d5317948, R11=0x0000000000000293
R12=0x0000000000000000, R13=0x00007ff2f00b2210, R14=0x00007ff2f0000b80, R15=0x00007ff2f6259e40
RIP=0x00007ff2f5997714, EFLAGS=0x0000000000010206, CSGSFS=0x002b000000000033, ERR=0x0000000000000006
  TRAPNO=0x000000000000000e

Top of Stack: (sp=0x00007ff2d5316380)
0x00007ff2d5316380:   00007ff2d5316940 00007ff2f00b2210
0x00007ff2d5316390:   00007ff2f47b08c8 0000000800c417a0
0x00007ff2d53163a0:   00007ff2d5316500 00007ff2f59632fe
0x00007ff2d53163b0:   00007ff2d53163e0 00007ff2d5316440 

Instructions: (pc=0x00007ff2f5997714)
0x00007ff2f5997614:   30 e8 f6 cf e8 ff 4c 89 e7 e8 2e 48 d1 ff 84 db
0x00007ff2f5997624:   75 2a 4d 85 ed 74 04 4d 8b 6d 00 48 83 c4 08 44
0x00007ff2f5997634:   89 f9 4c 89 f2 4c 89 ee 5b 4c 89 e7 41 5c 41 5d
0x00007ff2f5997644:   41 5e 41 5f 5d e9 e2 47 d1 ff 66 90 48 83 c4 08
0x00007ff2f5997654:   5b 41 5c 41 5d 41 5e 41 5f 5d c3 90 31 d2 be 08
0x00007ff2f5997664:   00 00 00 4c 89 ff e8 b1 78 a3 ff 49 89 c5 e9 37
0x00007ff2f5997674:   ff ff ff 66 0f 1f 84 00 00 00 00 00 48 8b 7a 08
0x00007ff2f5997684:   e9 6d ff ff ff 0f 1f 80 00 00 00 00 e8 5b 48 0a
0x00007ff2f5997694:   00 84 c0 75 89 e9 6a ff ff ff 66 90 55 48 89 e5
0x00007ff2f59976a4:   41 56 41 55 41 54 49 89 fc 53 48 89 f3 66 48 8d
0x00007ff2f59976b4:   3d 27 5e 85 00 66 66 48 e8 df 43 8d ff 4c 8b 28
0x00007ff2f59976c4:   8b 05 be 72 8a 00 85 c0 75 14 ba 01 00 00 00 48
0x00007ff2f59976d4:   8d 0d ae 72 8a 00 f0 0f b1 11 85 c0 74 4e be c8
0x00007ff2f59976e4:   00 00 00 4c 89 ef e8 01 0b 41 00 48 8d 05 12 ac
0x00007ff2f59976f4:   85 00 49 89 d8 48 8d 0d e8 aa 53 00 ba 49 06 00
0x00007ff2f5997704:   00 48 8d 35 3c 35 58 00 bf 00 00 00 e0 48 8b 00
0x00007ff2f5997714:   c6 00 58 31 c0 e8 e2 91 c6 ff 5b 41 5c 41 5d 41
0x00007ff2f5997724:   5e 5d e9 55 34 26 00 0f 1f 44 00 00 48 8d 05 81
0x00007ff2f5997734:   a3 8b 00 48 89 df 4c 8b 30 e8 9e 43 8d ff 48 89
0x00007ff2f5997744:   de 48 89 c2 49 8b 06 4c 89 f7 ff 50 08 4c 89 f7
0x00007ff2f5997754:   e8 a7 5c 27 00 4d 85 e4 74 12 be 01 00 00 00 4c
0x00007ff2f5997764:   89 e7 e8 35 43 fc ff eb 82 0f 1f 00 be 01 00 00
0x00007ff2f5997774:   00 4c 89 ef e8 d3 fd ff ff e9 6d ff ff ff 66 66
0x00007ff2f5997784:   2e 0f 1f 84 00 00 00 00 00 0f 1f 00 55 48 89 e5
0x00007ff2f5997794:   41 57 41 56 41 55 41 54 53 48 81 ec 08 02 00 00
0x00007ff2f59977a4:   64 48 8b 04 25 28 00 00 00 48 89 45 c8 8b 07 83
0x00007ff2f59977b4:   f8 02 0f 84 11 04 00 00 4c 8b 6f 18 49 89 ff 49
0x00007ff2f59977c4:   89 f4 4d 85 ed 74 14 4c 89 ef e8 5d 57 22 00 41
0x00007ff2f59977d4:   8b 07 83 f8 02 0f 84 19 04 00 00 48 8d 1d 9a 06
0x00007ff2f59977e4:   8a 00 4c 8d 35 0b 3c 58 00 eb 38 90 48 85 d2 7f
0x00007ff2f59977f4:   0d 48 8d 05 b4 c0 85 00 48 83 38 00 7e 0e 41 8b
0x00007ff2f5997804:   77 2c 4c 89 f7 31 c0 e8 a0 b2 f7 ff 49 8b 7f 18 


Stack slot to memory mapping:
stack at sp + 0 slots: 0x00007ff2d5316940 is pointing into the stack for thread: 0x00007ff2f00b2210
stack at sp + 1 slots: 0x00007ff2f00b2210 is a thread
stack at sp + 2 slots: 0x00007ff2f47b08c8 points into unknown readable memory: 0x65730018052dffff | ff ff 2d 05 18 00 73 65
stack at sp + 3 slots: 0x0000000800c417a0 is a pointer to class: 
jdk.vm.ci.services.Services {0x0000000800c417a0}
 - instance size:     2
 - klass size:        65
 - access:            public final synchronized 
 - state:             fully_initialized
 - name:              'jdk/vm/ci/services/Services'
 - super:             'java/lang/Object'
 - sub:               
 - arrays:            NULL
 - methods:           Array<T>(0x00007ff2d5c474b8)
 - method ordering:   Array<T>(0x0000000800928960)
 - default_methods:   Array<T>(0x0000000000000000)
 - local interfaces:  Array<T>(0x00000008005ce810)
 - trans. interfaces: Array<T>(0x00000008005ce810)
 - constants:         constant pool [427] {0x00007ff2d5c46598} for 'jdk/vm/ci/services/Services' cache=0x00007ff2d5c48788
 - class loader data:  loader data: 0x00007ff2f00283f0 of 'bootstrap'
 - source file:       'Services.java'
 - class annotations:       Array<T>(0x0000000000000000)
 - class type annotations:  Array<T>(0x0000000000000000)
 - field annotations:       Array<T>(0x0000000000000000)
 - field type annotations:  Array<T>(0x0000000000000000)
 - inner classes:     Array<T>(0x00007ff2d5c48758)
 - nest members:     Array<T>(0x00007ff2d5c48778)
 - permitted subclasses:     Array<T>(0x00000008005ce7a0)
 - java mirror:       a 'java/lang/Class'{0x00000000e017bb00} = 'jdk/vm/ci/services/Services'
 - vtable length      5  (start addr: 0x0000000800c41970)
 - itable length      2 (start addr: 0x0000000800c41998)
 - ---- static fields (3 words):
 - public static final 'IS_BUILDING_NATIVE_IMAGE' 'Z' @128 
 - public static final 'IS_IN_NATIVE_IMAGE' 'Z' @129 
 - private static volatile 'savedProperties' 'Ljava/util/Map;' @112 
 - static final 'JVMCI_ENABLED' 'Z' @130 
 - private static final 'servicesCache' 'Ljava/util/Map;' @116 
 - private static final 'MAX_UNICODE_IN_UTF8_LENGTH' 'I' @120 
 - private static final 'MAX_UTF8_PROPERTY_STRING_LENGTH' 'I' @124 
 - ---- non-static fields (0 words):
 - non-static oop maps: 
stack at sp + 4 slots: 0x00007ff2d5316500 is pointing into the stack for thread: 0x00007ff2f00b2210
stack at sp + 5 slots: 0x00007ff2f59632fe: <offset 0x000000000093e2fe> in /nix/store/gpxl5qgg8kicmcvivwmybwjlpf7wh20l-graalvm17-ce-22.3.0/lib/server/libjvm.so at 0x00007ff2f5025000
stack at sp + 6 slots: 0x00007ff2d53163e0 is pointing into the stack for thread: 0x00007ff2f00b2210
stack at sp + 7 slots: 0x00007ff2d5316440 is pointing into the stack for thread: 0x00007ff2f00b2210


---------------  P R O C E S S  ---------------

Threads class SMR info:
_java_thread_list=0x00007ff234001c70, length=26, elements={
0x00007ff2f0026690, 0x00007ff2f00a64d0, 0x00007ff2f00a7910, 0x00007ff2f00ae080,
0x00007ff2f00af430, 0x00007ff2f00b0820, 0x00007ff2f00b2210, 0x00007ff2f00b3720,
0x00007ff2f00b4b70, 0x00007ff2f00dfc30, 0x00007ff2f0127410, 0x00007ff2f0343610,
0x00007ff2f0376c50, 0x00007ff2f0379640, 0x00007ff2f063e060, 0x00007ff28401a6d0,
0x00007ff2842a9c70, 0x00007ff2780010d0, 0x00007ff284494f50, 0x00007ff2845ffad0,
0x00007ff2f03994b0, 0x00007ff25412f310, 0x00007ff254038c70, 0x00007ff254124410,
0x00007ff2541255a0, 0x00007ff25412e1f0
}

Java Threads: ( => current thread )
  0x00007ff2f0026690 JavaThread "main" [_thread_blocked, id=38, stack(0x00007ff2f4e40000,0x00007ff2f4f40000)]
  0x00007ff2f00a64d0 JavaThread "Reference Handler" daemon [_thread_blocked, id=41, stack(0x00007ff2d59fe000,0x00007ff2d5afe000)]
  0x00007ff2f00a7910 JavaThread "Finalizer" daemon [_thread_blocked, id=42, stack(0x00007ff2d58fe000,0x00007ff2d59fe000)]
  0x00007ff2f00ae080 JavaThread "Signal Dispatcher" daemon [_thread_blocked, id=43, stack(0x00007ff2d5518000,0x00007ff2d5618000)]
  0x00007ff2f00af430 JavaThread "Service Thread" daemon [_thread_blocked, id=44, stack(0x00007ff2d5418000,0x00007ff2d5518000)]
  0x00007ff2f00b0820 JavaThread "Monitor Deflation Thread" daemon [_thread_blocked, id=45, stack(0x00007ff2d5318000,0x00007ff2d5418000)]
=>0x00007ff2f00b2210 JavaThread "JVMCI-native CompilerThread0" daemon [_thread_in_vm, id=46, stack(0x00007ff2d5118000,0x00007ff2d5318000)]
  0x00007ff2f00b3720 JavaThread "C1 CompilerThread0" daemon [_thread_blocked, id=47, stack(0x00007ff2d4f18000,0x00007ff2d5118000)]
  0x00007ff2f00b4b70 JavaThread "Sweeper thread" daemon [_thread_blocked, id=48, stack(0x00007ff2d4e18000,0x00007ff2d4f18000)]
  0x00007ff2f00dfc30 JavaThread "Common-Cleaner" daemon [_thread_blocked, id=49, stack(0x00007ff2d4d18000,0x00007ff2d4e18000)]
  0x00007ff2f0127410 JavaThread "Notification Thread" daemon [_thread_blocked, id=50, stack(0x00007ff2d4c18000,0x00007ff2d4d18000)]
  0x00007ff2f0343610 JavaThread "Active Thread: Equinox Container: 981d593a-ad0b-4ed5-9f98-a658810c6600" [_thread_blocked, id=63, stack(0x00007ff2d4900000,0x00007ff2d4a00000)]
  0x00007ff2f0376c50 JavaThread "Framework Event Dispatcher: Equinox Container: 981d593a-ad0b-4ed5-9f98-a658810c6600" daemon [_thread_blocked, id=64, stack(0x00007ff2d4700000,0x00007ff2d4800000)]
  0x00007ff2f0379640 JavaThread "Start Level: Equinox Container: 981d593a-ad0b-4ed5-9f98-a658810c6600" daemon [_thread_blocked, id=65, stack(0x00007ff2d4500000,0x00007ff2d4600000)]
  0x00007ff2f063e060 JavaThread "Refresh Thread: Equinox Container: 981d593a-ad0b-4ed5-9f98-a658810c6600" daemon [_thread_blocked, id=66, stack(0x00007ff2d4800000,0x00007ff2d4900000)]
  0x00007ff28401a6d0 JavaThread "SCR Component Actor" daemon [_thread_blocked, id=76, stack(0x00007ff2d4300000,0x00007ff2d4400000)]
  0x00007ff2842a9c70 JavaThread "Worker-JM" [_thread_blocked, id=86, stack(0x00007ff29c900000,0x00007ff29ca00000)]
  0x00007ff2780010d0 JavaThread "Worker-1" [_thread_blocked, id=88, stack(0x00007ff29c500000,0x00007ff29c600000)]
  0x00007ff284494f50 JavaThread "Java indexing" daemon [_thread_blocked, id=89, stack(0x00007ff29c300000,0x00007ff29c400000)]
  0x00007ff2845ffad0 JavaThread "Bundle File Closer" daemon [_thread_blocked, id=98, stack(0x00007ff29c100000,0x00007ff29c200000)]
  0x00007ff2f03994b0 JavaThread "pool-3-thread-1" [_thread_blocked, id=99, stack(0x00007ff29bf00000,0x00007ff29c000000)]
  0x00007ff25412f310 JavaThread "Thread-6" [_thread_blocked, id=243, stack(0x00007ff29b100000,0x00007ff29b200000)]
  0x00007ff254038c70 JavaThread "Thread-12" [_thread_blocked, id=885, stack(0x00007ff29c700000,0x00007ff29c800000)]
  0x00007ff254124410 JavaThread "Thread-13" [_thread_blocked, id=1002, stack(0x00007ff2d4100000,0x00007ff2d4200000)]
  0x00007ff2541255a0 JavaThread "Thread-14" [_thread_blocked, id=1787, stack(0x00007ff2d4400000,0x00007ff2d4500000)]
  0x00007ff25412e1f0 JavaThread "Thread-18" [_thread_blocked, id=4059, stack(0x00007ff29b500000,0x00007ff29b600000)]

Other Threads:
  0x00007ff2f00a1c10 VMThread "VM Thread" [stack: 0x00007ff2d5b00000,0x00007ff2d5c00000] [id=40] _threads_hazard_ptr=0x00007ff234001c70
  0x00007ff2f0128db0 WatcherThread [stack: 0x00007ff2d4b18000,0x00007ff2d4c18000] [id=51]
  0x00007ff2f003df30 GCTaskThread "GC Thread#0" [stack: 0x00007ff2f4a03000,0x00007ff2f4b03000] [id=39]

Threads with active compile tasks:
JVMCI-native CompilerThread0  2021605 10272       4       org.eclipse.jdt.internal.compiler.lookup.LookupEnvironment::getTypeFromCompoundName (152 bytes)

VM state: synchronizing (normal execution)

VM Mutex/Monitor currently owned by a thread:  ([mutex/lock_event])
[0x00007ff2f0023840] Threads_lock - owner thread: 0x00007ff2f00a1c10
[0x00007ff2f0023ff0] Heap_lock - owner thread: 0x00007ff284494f50

OutOfMemory and StackOverflow Exception counts:
OutOfMemoryError java_heap_errors=20
LinkageErrors=72

Heap address: 0x00000000e0000000, size: 512 MB, Compressed Oops mode: 32-bit

CDS archive(s) mapped at: [0x0000000800000000-0x0000000800bc8000-0x0000000800bc8000), size 12353536, SharedBaseAddress: 0x0000000800000000, ArchiveRelocationMode: 0.
Compressed class space mapped at: 0x0000000800c00000-0x0000000840c00000, reserved size: 1073741824
Narrow klass base: 0x0000000800000000, Narrow klass shift: 0, Narrow klass range: 0x100000000

GC Precious Log:
 CPUs: 8 total, 1 available
 Memory: 1024M
 Large Page Support: Disabled
 NUMA Support: Disabled
 Compressed Oops: Enabled (32-bit)
 Alignments: Space 512K, Generation 512K, Heap 2M
 Heap Min Capacity: 100M
 Heap Initial Capacity: 100M
 Heap Max Capacity: 512M
 Pre-touch: Disabled
 Parallel Workers: 1

Heap:
 PSYoungGen      total 50688K, used 29696K [0x00000000f5580000, 0x00000000f9d00000, 0x0000000100000000)
  eden space 29696K, 100% used [0x00000000f5580000,0x00000000f7280000,0x00000000f7280000)
  from space 20992K, 0% used [0x00000000f7280000,0x00000000f7280000,0x00000000f8700000)
  to   space 20992K, 0% used [0x00000000f8700000,0x00000000f8700000,0x00000000f9b80000)
 ParOldGen       total 349696K, used 349695K [0x00000000e0000000, 0x00000000f5580000, 0x00000000f5580000)
  object space 349696K, 99% used [0x00000000e0000000,0x00000000f557fff8,0x00000000f5580000)
 Metaspace       used 62043K, committed 63104K, reserved 1105920K
  class space    used 6113K, committed 6528K, reserved 1048576K

Card table byte_map: [0x00007ff2f4b03000,0x00007ff2f4c04000] _byte_map_base: 0x00007ff2f4403000

Marking Bits: (ParMarkBitMap*) 0x00007ff2f62534c0
 Begin Bits: [0x00007ff2d64b3000, 0x00007ff2d6cb3000)
 End Bits:   [0x00007ff2d6cb3000, 0x00007ff2d74b3000)

Polling page: 0x00007ff2f4e1d000

Metaspace:

Usage:
  Non-class:     54.62 MB used.
      Class:      5.97 MB used.
       Both:     60.59 MB used.

Virtual space:
  Non-class space:       56.00 MB reserved,      55.25 MB ( 99%) committed,  7 nodes.
      Class space:        1.00 GB reserved,       6.38 MB ( <1%) committed,  1 nodes.
             Both:        1.05 GB reserved,      61.62 MB (  6%) committed. 

Chunk freelists:
   Non-Class:  406.00 KB
       Class:  1.70 MB
        Both:  2.09 MB

MaxMetaspaceSize: unlimited
CompressedClassSpaceSize: 1.00 GB
Initial GC threshold: 21.00 MB
Current GC threshold: 102.62 MB
CDS: on
MetaspaceReclaimPolicy: balanced
 - commit_granule_bytes: 65536.
 - commit_granule_words: 8192.
 - virtual_space_node_default_size: 1048576.
 - enlarge_chunks_in_place: 1.
 - new_chunks_are_fully_committed: 0.
 - uncommit_free_chunks: 1.
 - use_allocation_guard: 0.
 - handle_deallocations: 1.


Internal statistics:

num_allocs_failed_limit: 6.
num_arena_births: 524.
num_arena_deaths: 154.
num_vsnodes_births: 8.
num_vsnodes_deaths: 0.
num_space_committed: 985.
num_space_uncommitted: 0.
num_chunks_returned_to_freelist: 216.
num_chunks_taken_from_freelist: 2964.
num_chunk_merges: 84.
num_chunk_splits: 1943.
num_chunks_enlarged: 1219.
num_purges: 4.
num_inconsistent_stats: 0.

CodeHeap 'non-profiled nmethods': size=120036Kb used=2755Kb max_used=2755Kb free=117280Kb
 bounds [0x00007ff2def7a000, 0x00007ff2df23a000, 0x00007ff2e64b3000]
CodeHeap 'profiled nmethods': size=120032Kb used=16904Kb max_used=16904Kb free=103127Kb
 bounds [0x00007ff2d7a42000, 0x00007ff2d8b12000, 0x00007ff2def7a000]
CodeHeap 'non-nmethods': size=5692Kb used=1420Kb max_used=1422Kb free=4271Kb
 bounds [0x00007ff2d74b3000, 0x00007ff2d7723000, 0x00007ff2d7a42000]
 total_blobs=8365 nmethods=7610 adapters=634
 compilation: enabled
              stopped_count=0, restarted_count=0
 full_count=0

JVMCI Events (20 events):
Event: 1592.602 Thread 0x00007ff2f00b2210 compacted oop handles in JVMCI runtime 0 from 79 to 79
Event: 1592.602 Thread 0x00007ff2f00b2210 releasing handles for JVMCI runtime 0: oop handles=79, metadata handles={total=177, live=168, blocks=49}
Event: 1592.602 Thread 0x00007ff2f00b2210 detached from JVMCI runtime 0
Event: 1848.114 Thread 0x00007ff2f00b2210 attached to JVMCI runtime 0
Event: 1848.116 Thread 0x00007ff2f00b2210 created JavaVM[10]@0x00007ff29a39e340 for JVMCI runtime 0
Event: 1849.804 Thread 0x00007ff2f00b2210 initializing JVMCI runtime 0
Event: 1849.804 Thread 0x00007ff2f00b2210 done waiting for JavaVM references initialization in JVMCI runtime 0
Event: 1924.041 Thread 0x00007ff2f00b2210 initialized JVMCI runtime 0
Event: 1937.442 Thread 0x00007ff2f00b2210 compacted oop handles in JVMCI runtime 0 from 48 to 45
Event: 1953.606 Thread 0x00007ff2f00b2210 detaching from JVMCI runtime 0: releasing idle compiler thread (0 other threads still attached)
Event: 1953.606 Thread 0x00007ff2f00b2210 shutting down HotSpotJVMCIRuntime for JVMCI runtime 0
Event: 1955.608 Thread 0x00007ff2f00b2210 shut down JVMCI runtime 0
Event: 1957.374 Thread 0x00007ff2f00b2210 destroyed JavaVM[10]@0x00007ff29a39e340 for JVMCI runtime 0
Event: 1957.374 Thread 0x00007ff2f00b2210 compacted oop handles in JVMCI runtime 0 from 66 to 66
Event: 1957.374 Thread 0x00007ff2f00b2210 releasing handles for JVMCI runtime 0: oop handles=66, metadata handles={total=113, live=109, blocks=49}
Event: 1957.374 Thread 0x00007ff2f00b2210 detached from JVMCI runtime 0
Event: 1964.920 Thread 0x00007ff2f00b2210 attached to JVMCI runtime 0
Event: 1964.921 Thread 0x00007ff2f00b2210 created JavaVM[11]@0x00007ff29a39e340 for JVMCI runtime 0
Event: 1964.921 Thread 0x00007ff2f00b2210 initializing JVMCI runtime 0
Event: 1964.921 Thread 0x00007ff2f00b2210 done waiting for JavaVM references initialization in JVMCI runtime 0

Compilation events (20 events):
Event: 1849.804 Thread 0x00007ff2f00b3720 10263       3       org.eclipse.jdt.internal.compiler.lookup.Scope::getCurrentPackage (8 bytes)
Event: 1849.804 Thread 0x00007ff2f00b3720 nmethod 10263 0x00007ff2d87f6490 code [0x00007ff2d87f6620, 0x00007ff2d87f6730]
Event: 1890.404 Thread 0x00007ff2f00b3720 10266       3       org.eclipse.jdt.internal.core.BinaryType::equals (15 bytes)
Event: 1890.405 Thread 0x00007ff2f00b3720 nmethod 10266 0x00007ff2d87f5790 code [0x00007ff2d87f5960, 0x00007ff2d87f6340]
Event: 1890.405 Thread 0x00007ff2f00b3720 10267       3       org.eclipse.jdt.internal.core.util.LRUCache::updateTimestamp (36 bytes)
Event: 1890.405 Thread 0x00007ff2f00b3720 nmethod 10267 0x00007ff2d87f4f10 code [0x00007ff2d87f50c0, 0x00007ff2d87f5670]
Event: 1893.601 Thread 0x00007ff2f00b3720 10269       3       org.eclipse.jdt.internal.compiler.lookup.Scope::module (8 bytes)
Event: 1893.602 Thread 0x00007ff2f00b3720 nmethod 10269 0x00007ff2d87f4b10 code [0x00007ff2d87f4cc0, 0x00007ff2d87f4e30]
Event: 1893.602 Thread 0x00007ff2f00b3720 10268       3       org.eclipse.jdt.internal.compiler.parser.ScannerHelper::digit (147 bytes)
Event: 1893.602 Thread 0x00007ff2f00b3720 nmethod 10268 0x00007ff2d87f3f10 code [0x00007ff2d87f4120, 0x00007ff2d87f4990]
Event: 1937.442 Thread 0x00007ff2f00b2210 nmethod 10264% 0x00007ff2df229990 code [0x00007ff2df229b40, 0x00007ff2df229ef0]
Event: 1937.442 Thread 0x00007ff2f00b2210 10265       4       org.eclipse.jdt.internal.core.ClassFile::getType (28 bytes)
Event: 1944.184 Thread 0x00007ff2f00b3720 10270       3       org.eclipse.jdt.internal.compiler.lookup.TypeBinding::isAnonymousType (17 bytes)
Event: 1944.184 Thread 0x00007ff2f00b3720 nmethod 10270 0x00007ff2d87f3b10 code [0x00007ff2d87f3cc0, 0x00007ff2d87f3e50]
Event: 1948.194 Thread 0x00007ff2f00b3720 10271   !   3       org.eclipse.jdt.internal.compiler.lookup.BinaryTypeBinding$ExternalAnnotationStatus::$SWITCH_TABLE$org$eclipse$jdt$internal$compiler$lookup$BinaryTypeBinding$ExternalAnnotationStatus (74 bytes)
Event: 1949.800 Thread 0x00007ff2f00b3720 nmethod 10271 0x00007ff2d87f3390 code [0x00007ff2d87f3560, 0x00007ff2d87f3980]
Event: 1951.504 Thread 0x00007ff2f00b2210 nmethod 10265 0x00007ff2df22a590 code [0x00007ff2df22a720, 0x00007ff2df22a940]
Event: 1964.920 Thread 0x00007ff2f00b2210 10272       4       org.eclipse.jdt.internal.compiler.lookup.LookupEnvironment::getTypeFromCompoundName (152 bytes)
Event: 1971.088 Thread 0x00007ff2f00b3720 10273       1       org.eclipse.jdt.ls.core.internal.LanguageServer::getParentProcessId (5 bytes)
Event: 1971.088 Thread 0x00007ff2f00b3720 nmethod 10273 0x00007ff2df22ab90 code [0x00007ff2df22ad20, 0x00007ff2df22adf0]

GC Heap History (20 events):
Event: 2003.298 GC heap before
{Heap before GC invocations=1289 (full 1180):
 PSYoungGen      total 50688K, used 29695K [0x00000000f5580000, 0x00000000f9d00000, 0x0000000100000000)
  eden space 29696K, 99% used [0x00000000f5580000,0x00000000f727fff0,0x00000000f7280000)
  from space 20992K, 0% used [0x00000000f7280000,0x00000000f7280000,0x00000000f8700000)
  to   space 20992K, 0% used [0x00000000f8700000,0x00000000f8700000,0x00000000f9b80000)
 ParOldGen       total 349696K, used 349693K [0x00000000e0000000, 0x00000000f5580000, 0x00000000f5580000)
  object space 349696K, 99% used [0x00000000e0000000,0x00000000f557f518,0x00000000f5580000)
 Metaspace       used 62043K, committed 63104K, reserved 1105920K
  class space    used 6113K, committed 6528K, reserved 1048576K
}
Event: 2005.328 GC heap after
{Heap after GC invocations=1289 (full 1180):
 PSYoungGen      total 50688K, used 29695K [0x00000000f5580000, 0x00000000f9d00000, 0x0000000100000000)
  eden space 29696K, 99% used [0x00000000f5580000,0x00000000f727fda8,0x00000000f7280000)
  from space 20992K, 0% used [0x00000000f8700000,0x00000000f8700000,0x00000000f9b80000)
  to   space 20992K, 0% used [0x00000000f7280000,0x00000000f7280000,0x00000000f8700000)
 ParOldGen       total 349696K, used 349692K [0x00000000e0000000, 0x00000000f5580000, 0x00000000f5580000)
  object space 349696K, 99% used [0x00000000e0000000,0x00000000f557f3b8,0x00000000f5580000)
 Metaspace       used 62043K, committed 63104K, reserved 1105920K
  class space    used 6113K, committed 6528K, reserved 1048576K
}
Event: 2005.331 GC heap before
{Heap before GC invocations=1290 (full 1181):
 PSYoungGen      total 50688K, used 29696K [0x00000000f5580000, 0x00000000f9d00000, 0x0000000100000000)
  eden space 29696K, 100% used [0x00000000f5580000,0x00000000f7280000,0x00000000f7280000)
  from space 20992K, 0% used [0x00000000f8700000,0x00000000f8700000,0x00000000f9b80000)
  to   space 20992K, 0% used [0x00000000f7280000,0x00000000f7280000,0x00000000f8700000)
 ParOldGen       total 349696K, used 349692K [0x00000000e0000000, 0x00000000f5580000, 0x00000000f5580000)
  object space 349696K, 99% used [0x00000000e0000000,0x00000000f557f3b8,0x00000000f5580000)
 Metaspace       used 62043K, committed 63104K, reserved 1105920K
  class space    used 6113K, committed 6528K, reserved 1048576K
}
Event: 2007.193 GC heap after
{Heap after GC invocations=1290 (full 1181):
 PSYoungGen      total 50688K, used 29695K [0x00000000f5580000, 0x00000000f9d00000, 0x0000000100000000)
  eden space 29696K, 99% used [0x00000000f5580000,0x00000000f727ffe8,0x00000000f7280000)
  from space 20992K, 0% used [0x00000000f7280000,0x00000000f7280000,0x00000000f8700000)
  to   space 20992K, 0% used [0x00000000f8700000,0x00000000f8700000,0x00000000f9b80000)
 ParOldGen       total 349696K, used 349692K [0x00000000e0000000, 0x00000000f5580000, 0x00000000f5580000)
  object space 349696K, 99% used [0x00000000e0000000,0x00000000f557f388,0x00000000f5580000)
 Metaspace       used 62043K, committed 63104K, reserved 1105920K
  class space    used 6113K, committed 6528K, reserved 1048576K
}
Event: 2007.193 GC heap before
{Heap before GC invocations=1291 (full 1182):
 PSYoungGen      total 50688K, used 29696K [0x00000000f5580000, 0x00000000f9d00000, 0x0000000100000000)
  eden space 29696K, 100% used [0x00000000f5580000,0x00000000f7280000,0x00000000f7280000)
  from space 20992K, 0% used [0x00000000f7280000,0x00000000f7280000,0x00000000f8700000)
  to   space 20992K, 0% used [0x00000000f8700000,0x00000000f8700000,0x00000000f9b80000)
 ParOldGen       total 349696K, used 349692K [0x00000000e0000000, 0x00000000f5580000, 0x00000000f5580000)
  object space 349696K, 99% used [0x00000000e0000000,0x00000000f557f388,0x00000000f5580000)
 Metaspace       used 62043K, committed 63104K, reserved 1105920K
  class space    used 6113K, committed 6528K, reserved 1048576K
}
Event: 2009.056 GC heap after
{Heap after GC invocations=1291 (full 1182):
 PSYoungGen      total 50688K, used 29696K [0x00000000f5580000, 0x00000000f9d00000, 0x0000000100000000)
  eden space 29696K, 100% used [0x00000000f5580000,0x00000000f7280000,0x00000000f7280000)
  from space 20992K, 0% used [0x00000000f8700000,0x00000000f8700000,0x00000000f9b80000)
  to   space 20992K, 0% used [0x00000000f7280000,0x00000000f7280000,0x00000000f8700000)
 ParOldGen       total 349696K, used 349692K [0x00000000e0000000, 0x00000000f5580000, 0x00000000f5580000)
  object space 349696K, 99% used [0x00000000e0000000,0x00000000f557f388,0x00000000f5580000)
 Metaspace       used 62043K, committed 63104K, reserved 1105920K
  class space    used 6113K, committed 6528K, reserved 1048576K
}
Event: 2009.064 GC heap before
{Heap before GC invocations=1292 (full 1183):
 PSYoungGen      total 50688K, used 29696K [0x00000000f5580000, 0x00000000f9d00000, 0x0000000100000000)
  eden space 29696K, 100% used [0x00000000f5580000,0x00000000f7280000,0x00000000f7280000)
  from space 20992K, 0% used [0x00000000f8700000,0x00000000f8700000,0x00000000f9b80000)
  to   space 20992K, 0% used [0x00000000f7280000,0x00000000f7280000,0x00000000f8700000)
 ParOldGen       total 349696K, used 349693K [0x00000000e0000000, 0x00000000f5580000, 0x00000000f5580000)
  object space 349696K, 99% used [0x00000000e0000000,0x00000000f557f760,0x00000000f5580000)
 Metaspace       used 62043K, committed 63104K, reserved 1105920K
  class space    used 6113K, committed 6528K, reserved 1048576K
}
Event: 2010.843 GC heap after
{Heap after GC invocations=1292 (full 1183):
 PSYoungGen      total 50688K, used 29696K [0x00000000f5580000, 0x00000000f9d00000, 0x0000000100000000)
  eden space 29696K, 100% used [0x00000000f5580000,0x00000000f7280000,0x00000000f7280000)
  from space 20992K, 0% used [0x00000000f7280000,0x00000000f7280000,0x00000000f8700000)
  to   space 20992K, 0% used [0x00000000f8700000,0x00000000f8700000,0x00000000f9b80000)
 ParOldGen       total 349696K, used 349693K [0x00000000e0000000, 0x00000000f5580000, 0x00000000f5580000)
  object space 349696K, 99% used [0x00000000e0000000,0x00000000f557f400,0x00000000f5580000)
 Metaspace       used 62043K, committed 63104K, reserved 1105920K
  class space    used 6113K, committed 6528K, reserved 1048576K
}
Event: 2010.843 GC heap before
{Heap before GC invocations=1293 (full 1184):
 PSYoungGen      total 50688K, used 29696K [0x00000000f5580000, 0x00000000f9d00000, 0x0000000100000000)
  eden space 29696K, 100% used [0x00000000f5580000,0x00000000f7280000,0x00000000f7280000)
  from space 20992K, 0% used [0x00000000f7280000,0x00000000f7280000,0x00000000f8700000)
  to   space 20992K, 0% used [0x00000000f8700000,0x00000000f8700000,0x00000000f9b80000)
 ParOldGen       total 349696K, used 349695K [0x00000000e0000000, 0x00000000f5580000, 0x00000000f5580000)
  object space 349696K, 99% used [0x00000000e0000000,0x00000000f557ffe0,0x00000000f5580000)
 Metaspace       used 62043K, committed 63104K, reserved 1105920K
  class space    used 6113K, committed 6528K, reserved 1048576K
}
Event: 2012.588 GC heap after
{Heap after GC invocations=1293 (full 1184):
 PSYoungGen      total 50688K, used 29696K [0x00000000f5580000, 0x00000000f9d00000, 0x0000000100000000)
  eden space 29696K, 100% used [0x00000000f5580000,0x00000000f7280000,0x00000000f7280000)
  from space 20992K, 0% used [0x00000000f8700000,0x00000000f8700000,0x00000000f9b80000)
  to   space 20992K, 0% used [0x00000000f7280000,0x00000000f7280000,0x00000000f8700000)
 ParOldGen       total 349696K, used 349695K [0x00000000e0000000, 0x00000000f5580000, 0x00000000f5580000)
  object space 349696K, 99% used [0x00000000e0000000,0x00000000f557ffa0,0x00000000f5580000)
 Metaspace       used 62043K, committed 63104K, reserved 1105920K
  class space    used 6113K, committed 6528K, reserved 1048576K
}
Event: 2012.593 GC heap before
{Heap before GC invocations=1294 (full 1185):
 PSYoungGen      total 50688K, used 29696K [0x00000000f5580000, 0x00000000f9d00000, 0x0000000100000000)
  eden space 29696K, 100% used [0x00000000f5580000,0x00000000f7280000,0x00000000f7280000)
  from space 20992K, 0% used [0x00000000f8700000,0x00000000f8700000,0x00000000f9b80000)
  to   space 20992K, 0% used [0x00000000f7280000,0x00000000f7280000,0x00000000f8700000)
 ParOldGen       total 349696K, used 349695K [0x00000000e0000000, 0x00000000f5580000, 0x00000000f5580000)
  object space 349696K, 99% used [0x00000000e0000000,0x00000000f557ffc8,0x00000000f5580000)
 Metaspace       used 62043K, committed 63104K, reserved 1105920K
  class space    used 6113K, committed 6528K, reserved 1048576K
}
Event: 2014.414 GC heap after
{Heap after GC invocations=1294 (full 1185):
 PSYoungGen      total 50688K, used 29696K [0x00000000f5580000, 0x00000000f9d00000, 0x0000000100000000)
  eden space 29696K, 100% used [0x00000000f5580000,0x00000000f7280000,0x00000000f7280000)
  from space 20992K, 0% used [0x00000000f7280000,0x00000000f7280000,0x00000000f8700000)
  to   space 20992K, 0% used [0x00000000f8700000,0x00000000f8700000,0x00000000f9b80000)
 ParOldGen       total 349696K, used 349695K [0x00000000e0000000, 0x00000000f5580000, 0x00000000f5580000)
  object space 349696K, 99% used [0x00000000e0000000,0x00000000f557ffc8,0x00000000f5580000)
 Metaspace       used 62043K, committed 63104K, reserved 1105920K
  class space    used 6113K, committed 6528K, reserved 1048576K
}
Event: 2014.417 GC heap before
{Heap before GC invocations=1295 (full 1186):
 PSYoungGen      total 50688K, used 29696K [0x00000000f5580000, 0x00000000f9d00000, 0x0000000100000000)
  eden space 29696K, 100% used [0x00000000f5580000,0x00000000f7280000,0x00000000f7280000)
  from space 20992K, 0% used [0x00000000f7280000,0x00000000f7280000,0x00000000f8700000)
  to   space 20992K, 0% used [0x00000000f8700000,0x00000000f8700000,0x00000000f9b80000)
 ParOldGen       total 349696K, used 349695K [0x00000000e0000000, 0x00000000f5580000, 0x00000000f5580000)
  object space 349696K, 99% used [0x00000000e0000000,0x00000000f557ffd8,0x00000000f5580000)
 Metaspace       used 62043K, committed 63104K, reserved 1105920K
  class space    used 6113K, committed 6528K, reserved 1048576K
}
Event: 2016.233 GC heap after
{Heap after GC invocations=1295 (full 1186):
 PSYoungGen      total 50688K, used 29696K [0x00000000f5580000, 0x00000000f9d00000, 0x0000000100000000)
  eden space 29696K, 100% used [0x00000000f5580000,0x00000000f7280000,0x00000000f7280000)
  from space 20992K, 0% used [0x00000000f8700000,0x00000000f8700000,0x00000000f9b80000)
  to   space 20992K, 0% used [0x00000000f7280000,0x00000000f7280000,0x00000000f8700000)
 ParOldGen       total 349696K, used 349695K [0x00000000e0000000, 0x00000000f5580000, 0x00000000f5580000)
  object space 349696K, 99% used [0x00000000e0000000,0x00000000f557ffd8,0x00000000f5580000)
 Metaspace       used 62043K, committed 63104K, reserved 1105920K
  class space    used 6113K, committed 6528K, reserved 1048576K
}
Event: 2016.234 GC heap before
{Heap before GC invocations=1296 (full 1187):
 PSYoungGen      total 50688K, used 29696K [0x00000000f5580000, 0x00000000f9d00000, 0x0000000100000000)
  eden space 29696K, 100% used [0x00000000f5580000,0x00000000f7280000,0x00000000f7280000)
  from space 20992K, 0% used [0x00000000f8700000,0x00000000f8700000,0x00000000f9b80000)
  to   space 20992K, 0% used [0x00000000f7280000,0x00000000f7280000,0x00000000f8700000)
 ParOldGen       total 349696K, used 349695K [0x00000000e0000000, 0x00000000f5580000, 0x00000000f5580000)
  object space 349696K, 99% used [0x00000000e0000000,0x00000000f557ffd8,0x00000000f5580000)
 Metaspace       used 62043K, committed 63104K, reserved 1105920K
  class space    used 6113K, committed 6528K, reserved 1048576K
}
Event: 2017.852 GC heap after
{Heap after GC invocations=1296 (full 1187):
 PSYoungGen      total 50688K, used 29696K [0x00000000f5580000, 0x00000000f9d00000, 0x0000000100000000)
  eden space 29696K, 100% used [0x00000000f5580000,0x00000000f7280000,0x00000000f7280000)
  from space 20992K, 0% used [0x00000000f7280000,0x00000000f7280000,0x00000000f8700000)
  to   space 20992K, 0% used [0x00000000f8700000,0x00000000f8700000,0x00000000f9b80000)
 ParOldGen       total 349696K, used 349695K [0x00000000e0000000, 0x00000000f5580000, 0x00000000f5580000)
  object space 349696K, 99% used [0x00000000e0000000,0x00000000f557ffd8,0x00000000f5580000)
 Metaspace       used 62043K, committed 63104K, reserved 1105920K
  class space    used 6113K, committed 6528K, reserved 1048576K
}
Event: 2017.854 GC heap before
{Heap before GC invocations=1297 (full 1188):
 PSYoungGen      total 50688K, used 29696K [0x00000000f5580000, 0x00000000f9d00000, 0x0000000100000000)
  eden space 29696K, 100% used [0x00000000f5580000,0x00000000f7280000,0x00000000f7280000)
  from space 20992K, 0% used [0x00000000f7280000,0x00000000f7280000,0x00000000f8700000)
  to   space 20992K, 0% used [0x00000000f8700000,0x00000000f8700000,0x00000000f9b80000)
 ParOldGen       total 349696K, used 349695K [0x00000000e0000000, 0x00000000f5580000, 0x00000000f5580000)
  object space 349696K, 99% used [0x00000000e0000000,0x00000000f557ffd8,0x00000000f5580000)
 Metaspace       used 62043K, committed 63104K, reserved 1105920K
  class space    used 6113K, committed 6528K, reserved 1048576K
}
Event: 2019.600 GC heap after
{Heap after GC invocations=1297 (full 1188):
 PSYoungGen      total 50688K, used 29696K [0x00000000f5580000, 0x00000000f9d00000, 0x0000000100000000)
  eden space 29696K, 100% used [0x00000000f5580000,0x00000000f7280000,0x00000000f7280000)
  from space 20992K, 0% used [0x00000000f8700000,0x00000000f8700000,0x00000000f9b80000)
  to   space 20992K, 0% used [0x00000000f7280000,0x00000000f7280000,0x00000000f8700000)
 ParOldGen       total 349696K, used 349695K [0x00000000e0000000, 0x00000000f5580000, 0x00000000f5580000)
  object space 349696K, 99% used [0x00000000e0000000,0x00000000f557ffd8,0x00000000f5580000)
 Metaspace       used 62043K, committed 63104K, reserved 1105920K
  class space    used 6113K, committed 6528K, reserved 1048576K
}
Event: 2019.600 GC heap before
{Heap before GC invocations=1298 (full 1189):
 PSYoungGen      total 50688K, used 29696K [0x00000000f5580000, 0x00000000f9d00000, 0x0000000100000000)
  eden space 29696K, 100% used [0x00000000f5580000,0x00000000f7280000,0x00000000f7280000)
  from space 20992K, 0% used [0x00000000f8700000,0x00000000f8700000,0x00000000f9b80000)
  to   space 20992K, 0% used [0x00000000f7280000,0x00000000f7280000,0x00000000f8700000)
 ParOldGen       total 349696K, used 349695K [0x00000000e0000000, 0x00000000f5580000, 0x00000000f5580000)
  object space 349696K, 99% used [0x00000000e0000000,0x00000000f557ffd8,0x00000000f5580000)
 Metaspace       used 62043K, committed 63104K, reserved 1105920K
  class space    used 6113K, committed 6528K, reserved 1048576K
}
Event: 2021.564 GC heap after
{Heap after GC invocations=1298 (full 1189):
 PSYoungGen      total 50688K, used 29696K [0x00000000f5580000, 0x00000000f9d00000, 0x0000000100000000)
  eden space 29696K, 100% used [0x00000000f5580000,0x00000000f7280000,0x00000000f7280000)
  from space 20992K, 0% used [0x00000000f7280000,0x00000000f7280000,0x00000000f8700000)
  to   space 20992K, 0% used [0x00000000f8700000,0x00000000f8700000,0x00000000f9b80000)
 ParOldGen       total 349696K, used 349695K [0x00000000e0000000, 0x00000000f5580000, 0x00000000f5580000)
  object space 349696K, 99% used [0x00000000e0000000,0x00000000f557ffd8,0x00000000f5580000)
 Metaspace       used 62043K, committed 63104K, reserved 1105920K
  class space    used 6113K, committed 6528K, reserved 1048576K
}

Dll operation events (9 events):
Event: 0.006 Loaded shared library /nix/store/gpxl5qgg8kicmcvivwmybwjlpf7wh20l-graalvm17-ce-22.3.0/lib/libjava.so
Event: 0.013 Loaded shared library /nix/store/gpxl5qgg8kicmcvivwmybwjlpf7wh20l-graalvm17-ce-22.3.0/lib/libjsvml.so
Event: 0.317 Loaded shared library /nix/store/gpxl5qgg8kicmcvivwmybwjlpf7wh20l-graalvm17-ce-22.3.0/lib/libnio.so
Event: 0.325 Loaded shared library /nix/store/gpxl5qgg8kicmcvivwmybwjlpf7wh20l-graalvm17-ce-22.3.0/lib/libzip.so
Event: 0.328 Loaded shared library /nix/store/gpxl5qgg8kicmcvivwmybwjlpf7wh20l-graalvm17-ce-22.3.0/lib/libjvmcicompiler.so
Event: 0.817 Loaded shared library /nix/store/gpxl5qgg8kicmcvivwmybwjlpf7wh20l-graalvm17-ce-22.3.0/lib/libjimage.so
Event: 1.413 Loaded shared library /nix/store/gpxl5qgg8kicmcvivwmybwjlpf7wh20l-graalvm17-ce-22.3.0/lib/libnet.so
Event: 5.327 Loaded shared library /home/runner/.cache/jdt-language-server/config/org.eclipse.equinox.launcher/org.eclipse.equinox.launcher.gtk.linux.x86_64_1.2.400.v20211117-0650/eclipse_11600.so
Event: 16.293 Loaded shared library /nix/store/gpxl5qgg8kicmcvivwmybwjlpf7wh20l-graalvm17-ce-22.3.0/lib/libextnet.so

Deoptimization events (20 events):
Event: 1556.362 Thread 0x00007ff2f0427290 DEOPT PACKING pc=0x00007ff2def99a91 sp=0x00007ff29bbfcb40
Event: 1556.362 Thread 0x00007ff2f0427290 DEOPT UNPACKING pc=0x00007ff2d7505325 sp=0x00007ff29bbfbf50 mode 3
Event: 1686.528 Thread 0x00007ff25412c800 Uncommon trap: trap_request=0xffffff8f fr.pc=0x00007ff2def95898 relative=0x00000000000001f8
Event: 1686.528 Thread 0x00007ff25412c800 Uncommon trap: reason=constraint action=none pc=0x00007ff2def95898 method=java.util.Arrays.copyOfRange([BII)[B @ 0 jvmci
Event: 1686.528 Thread 0x00007ff25412c800 DEOPT PACKING pc=0x00007ff2def95898 sp=0x00007ff29b9fe210
Event: 1686.528 Thread 0x00007ff25412c800 DEOPT UNPACKING pc=0x00007ff2d7505325 sp=0x00007ff29b9fd690 mode 3
Event: 1693.506 Thread 0x00007ff2f0427290 Uncommon trap: trap_request=0xffffff8f fr.pc=0x00007ff2df04d397 relative=0x00000000000000f7
Event: 1693.506 Thread 0x00007ff2f0427290 Uncommon trap: reason=constraint action=none pc=0x00007ff2df04d397 method=java.lang.StringBuilder.<init>()V @ 0 jvmci
Event: 1693.506 Thread 0x00007ff2f0427290 DEOPT PACKING pc=0x00007ff2df04d397 sp=0x00007ff29bbfdfe0
Event: 1693.506 Thread 0x00007ff2f0427290 DEOPT UNPACKING pc=0x00007ff2d7505325 sp=0x00007ff29bbfd488 mode 3
Event: 1696.920 Thread 0x00007ff2f0427290 Uncommon trap: trap_request=0xffffff8f fr.pc=0x00007ff2df0005e5 relative=0x0000000000000145
Event: 1696.920 Thread 0x00007ff2f0427290 Uncommon trap: reason=constraint action=none pc=0x00007ff2df0005e5 method=java.lang.AbstractStringBuilder.<init>(I)V @ 0 jvmci
Event: 1696.920 Thread 0x00007ff2f0427290 DEOPT PACKING pc=0x00007ff2df0005e5 sp=0x00007ff29bbfdf70
Event: 1696.920 Thread 0x00007ff2f0427290 DEOPT UNPACKING pc=0x00007ff2d7505325 sp=0x00007ff29bbfd418 mode 3
Event: 2017.852 Thread 0x00007ff2f00b2210 Uncommon trap: trap_request=0xffffff8f fr.pc=0x00007ff2df20c919 relative=0x0000000000001439
Event: 2017.852 Thread 0x00007ff2f00b2210 Uncommon trap: reason=constraint action=none pc=0x00007ff2df20c919 method=java.io.DataOutputStream.writeUTF(Ljava/lang/String;Ljava/io/DataOutput;)I @ 116 jvmci
Event: 2017.852 Thread 0x00007ff2f00b2210 DEOPT PACKING pc=0x00007ff2df20c919 sp=0x00007ff2d5315fb0
Event: 2017.852 Thread 0x00007ff2f00b2210 DEOPT UNPACKING pc=0x00007ff2d7505325 sp=0x00007ff2d5315478 mode 3
Event: 2021.564 Thread 0x00007ff2f00b2210 DEOPT PACKING pc=0x00007ff2df1f2ae0 sp=0x00007ff2d5316030
Event: 2021.564 Thread 0x00007ff2f00b2210 DEOPT UNPACKING pc=0x00007ff2d7505325 sp=0x00007ff2d53154d8 mode 1

Classes unloaded (20 events):
Event: 94.413 Thread 0x00007ff2f00a1c10 Unloading class 0x0000000800ef4000 'jdk/internal/reflect/GeneratedConstructorAccessor8'
Event: 94.413 Thread 0x00007ff2f00a1c10 Unloading class 0x0000000800d99000 'java/lang/invoke/LambdaForm$MH+0x0000000800d99000'
Event: 94.413 Thread 0x00007ff2f00a1c10 Unloading class 0x0000000800d98c00 'java/lang/invoke/LambdaForm$MH+0x0000000800d98c00'
Event: 94.413 Thread 0x00007ff2f00a1c10 Unloading class 0x0000000800d98800 'java/lang/invoke/LambdaForm$MH+0x0000000800d98800'
Event: 94.413 Thread 0x00007ff2f00a1c10 Unloading class 0x0000000800d98400 'java/lang/invoke/LambdaForm$MH+0x0000000800d98400'
Event: 94.413 Thread 0x00007ff2f00a1c10 Unloading class 0x0000000800d98000 'jdk/internal/reflect/GeneratedConstructorAccessor3'
Event: 94.413 Thread 0x00007ff2f00a1c10 Unloading class 0x0000000800d06800 'java/lang/invoke/LambdaForm$MH+0x0000000800d06800'
Event: 94.413 Thread 0x00007ff2f00a1c10 Unloading class 0x0000000800d06000 'java/lang/invoke/LambdaForm$MH+0x0000000800d06000'
Event: 94.413 Thread 0x00007ff2f00a1c10 Unloading class 0x0000000800d05c00 'java/lang/invoke/LambdaForm$MH+0x0000000800d05c00'
Event: 94.413 Thread 0x00007ff2f00a1c10 Unloading class 0x0000000800d05800 'java/lang/invoke/LambdaForm$MH+0x0000000800d05800'
Event: 94.413 Thread 0x00007ff2f00a1c10 Unloading class 0x0000000800d05000 'java/lang/invoke/LambdaForm$MH+0x0000000800d05000'
Event: 94.413 Thread 0x00007ff2f00a1c10 Unloading class 0x0000000800d04c00 'java/lang/invoke/LambdaForm$MH+0x0000000800d04c00'
Event: 94.413 Thread 0x00007ff2f00a1c10 Unloading class 0x0000000800d04800 'java/lang/invoke/LambdaForm$MH+0x0000000800d04800'
Event: 94.413 Thread 0x00007ff2f00a1c10 Unloading class 0x0000000800d04000 'java/lang/invoke/LambdaForm$MH+0x0000000800d04000'
Event: 94.413 Thread 0x00007ff2f00a1c10 Unloading class 0x0000000800c1d000 'jdk/internal/reflect/GeneratedMethodAccessor5'
Event: 94.413 Thread 0x00007ff2f00a1c10 Unloading class 0x0000000800c1cc00 'jdk/internal/reflect/GeneratedMethodAccessor4'
Event: 94.413 Thread 0x00007ff2f00a1c10 Unloading class 0x0000000800c1c800 'jdk/internal/reflect/GeneratedMethodAccessor3'
Event: 94.413 Thread 0x00007ff2f00a1c10 Unloading class 0x0000000800c1c400 'jdk/internal/reflect/GeneratedMethodAccessor2'
Event: 94.413 Thread 0x00007ff2f00a1c10 Unloading class 0x0000000800c1c000 'jdk/internal/reflect/GeneratedMethodAccessor1'
Event: 94.413 Thread 0x00007ff2f00a1c10 Unloading class 0x0000000800c01c00 'java/lang/invoke/LambdaForm$DMH+0x0000000800c01c00'

Classes redefined (0 events):
No events

Internal exceptions (20 events):
Event: 1549.649 Thread 0x00007ff278007280 Exception <a 'java/lang/OutOfMemoryError'{0x00000000e00102c0}> (0x00000000e00102c0) 
thrown [src/hotspot/share/gc/shared/memAllocator.cpp, line 136]
Event: 1552.790 Thread 0x00007ff2f0427290 Exception <a 'java/lang/OutOfMemoryError'{0x00000000e000ffa0}> (0x00000000e000ffa0) 
thrown [src/hotspot/share/gc/shared/memAllocator.cpp, line 138]
Event: 1552.790 Thread 0x00007ff2f0427290 Implicit null exception at 0x00007ff2df04470b to 0x00007ff2df0447f6
Event: 1556.361 Thread 0x00007ff2f0427290 Exception <a 'java/lang/OutOfMemoryError'{0x00000000e000ffa0}> (0x00000000e000ffa0) 
thrown [src/hotspot/share/gc/shared/memAllocator.cpp, line 138]
Event: 1556.362 Thread 0x00007ff2f0427290 Implicit null exception at 0x00007ff2def999c8 to 0x00007ff2def99a76
Event: 1559.871 Thread 0x00007ff2f0427290 Exception <a 'java/lang/OutOfMemoryError'{0x00000000e00102c0}> (0x00000000e00102c0) 
thrown [src/hotspot/share/gc/shared/memAllocator.cpp, line 136]
Event: 1563.453 Thread 0x00007ff25412c800 Exception <a 'java/lang/OutOfMemoryError'{0x00000000e00102c0}> (0x00000000e00102c0) 
thrown [src/hotspot/share/gc/shared/memAllocator.cpp, line 136]
Event: 1566.899 Thread 0x00007ff25412c800 Exception <a 'java/lang/OutOfMemoryError'{0x00000000e00102c0}> (0x00000000e00102c0) 
thrown [src/hotspot/share/gc/shared/memAllocator.cpp, line 136]
Event: 1586.093 Thread 0x00007ff2f0427290 Exception <a 'java/lang/reflect/InvocationTargetException'{0x00000000f557e978}> (0x00000000f557e978) 
thrown [src/hotspot/share/runtime/reflection.cpp, line 1119]
Event: 1646.208 Thread 0x00007ff278007280 Exception <a 'java/lang/OutOfMemoryError'{0x00000000e00102c0}> (0x00000000e00102c0) 
thrown [src/hotspot/share/gc/shared/memAllocator.cpp, line 136]
Event: 1686.528 Thread 0x00007ff25412c800 Exception <a 'java/lang/OutOfMemoryError'{0x00000000e000ffa0}> (0x00000000e000ffa0) 
thrown [src/hotspot/share/gc/shared/memAllocator.cpp, line 138]
Event: 1686.528 Thread 0x00007ff25412c800 Implicit null exception at 0x00007ff2def957eb to 0x00007ff2def9587d
Event: 1693.506 Thread 0x00007ff2f0427290 Exception <a 'java/lang/OutOfMemoryError'{0x00000000e000ffa0}> (0x00000000e000ffa0) 
thrown [src/hotspot/share/gc/shared/memAllocator.cpp, line 138]
Event: 1693.506 Thread 0x00007ff2f0427290 Implicit null exception at 0x00007ff2df04d375 to 0x00007ff2df04d37c
Event: 1696.920 Thread 0x00007ff2f0427290 Exception <a 'java/lang/OutOfMemoryError'{0x00000000e000ffa0}> (0x00000000e000ffa0) 
thrown [src/hotspot/share/gc/shared/memAllocator.cpp, line 138]
Event: 1696.920 Thread 0x00007ff2f0427290 Implicit null exception at 0x00007ff2df0005b7 to 0x00007ff2df0005ca
Event: 1700.293 Thread 0x00007ff2f0427290 Exception <a 'java/lang/OutOfMemoryError'{0x00000000e00102c0}> (0x00000000e00102c0) 
thrown [src/hotspot/share/gc/shared/memAllocator.cpp, line 136]
Event: 2017.852 Thread 0x00007ff2f00b2210 Exception <a 'java/lang/OutOfMemoryError'{0x00000000e000fcd0}> (0x00000000e000fcd0) 
thrown [src/hotspot/share/gc/shared/memAllocator.cpp, line 138]
Event: 2017.852 Thread 0x00007ff2f00b2210 Implicit null exception at 0x00007ff2df20c2de to 0x00007ff2df20c8fe
Event: 2021.564 Thread 0x00007ff2f00b2210 Exception <a 'java/lang/OutOfMemoryError'{0x00000000e000fff0}> (0x00000000e000fff0) 
thrown [src/hotspot/share/gc/shared/memAllocator.cpp, line 136]

VM Operations (20 events):
Event: 1999.739 Executing VM operation: ParallelGCFailedAllocation
Event: 2001.437 Executing VM operation: ParallelGCFailedAllocation done
Event: 2001.437 Executing VM operation: ParallelGCFailedAllocation
Event: 2003.292 Executing VM operation: ParallelGCFailedAllocation done
Event: 2003.298 Executing VM operation: ParallelGCFailedAllocation
Event: 2005.328 Executing VM operation: ParallelGCFailedAllocation done
Event: 2005.328 Executing VM operation: ParallelGCFailedAllocation
Event: 2007.193 Executing VM operation: ParallelGCFailedAllocation done
Event: 2007.193 Executing VM operation: ParallelGCFailedAllocation
Event: 2009.056 Executing VM operation: ParallelGCFailedAllocation done
Event: 2009.057 Executing VM operation: ParallelGCFailedAllocation
Event: 2010.843 Executing VM operation: ParallelGCFailedAllocation done
Event: 2010.843 Executing VM operation: ParallelGCFailedAllocation
Event: 2012.588 Executing VM operation: ParallelGCFailedAllocation done
Event: 2012.588 Executing VM operation: ParallelGCFailedAllocation
Event: 2014.414 Executing VM operation: ParallelGCFailedAllocation done
Event: 2014.414 Executing VM operation: ParallelGCFailedAllocation
Event: 2017.852 Executing VM operation: ParallelGCFailedAllocation done
Event: 2017.852 Executing VM operation: ParallelGCFailedAllocation
Event: 2021.564 Executing VM operation: ParallelGCFailedAllocation done

Events (20 events):
Event: 1412.394 loading class java/util/logging/Formatter
Event: 1412.394 loading class java/util/logging/Formatter done
Event: 1412.394 loading class java/util/logging/SimpleFormatter done
Event: 1417.392 loading class jdk/internal/logger/SurrogateLogger
Event: 1417.392 loading class jdk/internal/logger/SimpleConsoleLogger
Event: 1429.938 loading class jdk/internal/logger/SimpleConsoleLogger done
Event: 1429.938 loading class jdk/internal/logger/SurrogateLogger done
Event: 1474.500 loading class jdk/internal/logger/SimpleConsoleLogger$Formatting
Event: 1482.307 loading class jdk/internal/logger/SimpleConsoleLogger$Formatting done
Event: 1512.597 loading class java/util/logging/ErrorManager
Event: 1512.597 loading class java/util/logging/ErrorManager done
Event: 1532.618 Thread 0x00007ff254121150 Thread exited: 0x00007ff254121150
Event: 1586.092 loading class java/lang/AssertionError
Event: 1586.092 loading class java/lang/AssertionError done
Event: 1646.208 loading class java/lang/Throwable$WrappedPrintStream
Event: 1646.208 loading class java/lang/Throwable$WrappedPrintStream done
Event: 1646.210 Thread 0x00007ff278007280 Thread exited: 0x00007ff278007280
Event: 1810.336 Thread 0x00007ff25412c800 Thread exited: 0x00007ff25412c800
Event: 1848.114 Thread 0x00007ff2f0427290 Thread exited: 0x00007ff2f0427290
Event: 1849.802 Thread 0x00007ff2541201d0 Thread exited: 0x00007ff2541201d0


Dynamic libraries:
e0000000-f5580000 rw-p 00000000 00:00 0 
f5580000-f9d00000 rw-p 00000000 00:00 0 
f9d00000-100000000 ---p 00000000 00:00 0 
800000000-800449000 rw-p 00001000 00:1192 4611686019135357769            /nix/store/gpxl5qgg8kicmcvivwmybwjlpf7wh20l-graalvm17-ce-22.3.0/lib/server/classes.jsa
800449000-800bc8000 r--p 0044a000 00:1192 4611686019135357769            /nix/store/gpxl5qgg8kicmcvivwmybwjlpf7wh20l-graalvm17-ce-22.3.0/lib/server/classes.jsa
800bc8000-800c00000 ---p 00000000 00:00 0 
800c00000-800c20000 rw-p 00000000 00:00 0 
800c20000-800c40000 rw-p 00000000 00:00 0 
800c40000-800cc0000 rw-p 00000000 00:00 0 
800cc0000-800d00000 rw-p 00000000 00:00 0 
800d00000-800dc0000 rw-p 00000000 00:00 0 
800dc0000-800e00000 rw-p 00000000 00:00 0 
800e00000-800f40000 rw-p 00000000 00:00 0 
800f40000-800fc0000 rw-p 00000000 00:00 0 
800fc0000-801000000 rw-p 00000000 00:00 0 
801000000-801260000 rw-p 00000000 00:00 0 
801260000-840c00000 ---p 00000000 00:00 0 
5603e02cc000-5603e02cd000 r-xp 00000000 00:1192 4611686019099417844      /nix/store/gpxl5qgg8kicmcvivwmybwjlpf7wh20l-graalvm17-ce-22.3.0/bin/.java-wrapped
5603e02ce000-5603e02cf000 r--p 00001000 00:1192 4611686019099417844      /nix/store/gpxl5qgg8kicmcvivwmybwjlpf7wh20l-graalvm17-ce-22.3.0/bin/.java-wrapped
5603e02cf000-5603e02d0000 rw-p 00002000 00:1192 4611686019099417844      /nix/store/gpxl5qgg8kicmcvivwmybwjlpf7wh20l-graalvm17-ce-22.3.0/bin/.java-wrapped
5603e02d0000-5603e02d1000 rw-p 00004000 00:1192 4611686019099417844      /nix/store/gpxl5qgg8kicmcvivwmybwjlpf7wh20l-graalvm17-ce-22.3.0/bin/.java-wrapped
5603e02d1000-5603e02d2000 rw-p 00005000 00:1192 4611686019099417844      /nix/store/gpxl5qgg8kicmcvivwmybwjlpf7wh20l-graalvm17-ce-22.3.0/bin/.java-wrapped
5603e1e53000-5603e1e9b000 rw-p 00000000 00:00 0                          [heap]
7ff20c000000-7ff20c047000 rw-p 00000000 00:00 0 
7ff20c047000-7ff210000000 ---p 00000000 00:00 0 
7ff214000000-7ff214027000 rw-p 00000000 00:00 0 
7ff214027000-7ff218000000 ---p 00000000 00:00 0 
7ff218000000-7ff218021000 rw-p 00000000 00:00 0 
7ff218021000-7ff21c000000 ---p 00000000 00:00 0 
7ff21c000000-7ff21c068000 rw-p 00000000 00:00 0 
7ff21c068000-7ff220000000 ---p 00000000 00:00 0 
7ff220000000-7ff22003a000 rw-p 00000000 00:00 0 
7ff22003a000-7ff224000000 ---p 00000000 00:00 0 
7ff224000000-7ff224071000 rw-p 00000000 00:00 0 
7ff224071000-7ff228000000 ---p 00000000 00:00 0 
7ff228000000-7ff2280c7000 rw-p 00000000 00:00 0 
7ff2280c7000-7ff22c000000 ---p 00000000 00:00 0 
7ff22c000000-7ff22c0c8000 rw-p 00000000 00:00 0 
7ff22c0c8000-7ff230000000 ---p 00000000 00:00 0 
7ff230000000-7ff230055000 rw-p 00000000 00:00 0 
7ff230055000-7ff234000000 ---p 00000000 00:00 0 
7ff234000000-7ff234021000 rw-p 00000000 00:00 0 
7ff234021000-7ff238000000 ---p 00000000 00:00 0 
7ff238000000-7ff238021000 rw-p 00000000 00:00 0 
7ff238021000-7ff23c000000 ---p 00000000 00:00 0 
7ff23c000000-7ff23c021000 rw-p 00000000 00:00 0 
7ff23c021000-7ff240000000 ---p 00000000 00:00 0 
7ff2424b3000-7ff24c000000 r--s 00000000 00:1192 4611686019135192581      /nix/store/gpxl5qgg8kicmcvivwmybwjlpf7wh20l-graalvm17-ce-22.3.0/lib/modules
7ff24c000000-7ff24c021000 rw-p 00000000 00:00 0 
7ff24c021000-7ff250000000 ---p 00000000 00:00 0 
7ff250000000-7ff250021000 rw-p 00000000 00:00 0 
7ff250021000-7ff254000000 ---p 00000000 00:00 0 
7ff254000000-7ff2541a7000 rw-p 00000000 00:00 0 
7ff2541a7000-7ff258000000 ---p 00000000 00:00 0 
7ff258000000-7ff258508000 rw-p 00000000 00:00 0 
7ff258508000-7ff25c000000 ---p 00000000 00:00 0 
7ff25c000000-7ff25c021000 rw-p 00000000 00:00 0 
7ff25c021000-7ff260000000 ---p 00000000 00:00 0 
7ff260000000-7ff260119000 rw-p 00000000 00:00 0 
7ff260119000-7ff264000000 ---p 00000000 00:00 0 
7ff264000000-7ff264021000 rw-p 00000000 00:00 0 
7ff264021000-7ff268000000 ---p 00000000 00:00 0 
7ff269400000-7ff269bc0000 rw-p 00000000 00:00 0 
7ff269bc0000-7ff269c00000 ---p 00000000 00:00 0 
7ff269c00000-7ff269f00000 rw-p 00000000 00:00 0 
7ff269f00000-7ff269f80000 rw-p 00000000 00:00 0 
7ff269f80000-7ff26a000000 ---p 00000000 00:00 0 
7ff26a000000-7ff26a400000 rw-p 00000000 00:00 0 
7ff26a800000-7ff26ad00000 rw-p 00000000 00:00 0 
7ff26ad00000-7ff26ae00000 rw-p 00000000 00:00 0 
7ff26ae00000-7ff26b000000 rw-p 00000000 00:00 0 
7ff26b000000-7ff26b100000 rw-p 00000000 00:00 0 
7ff26b100000-7ff26b300000 rw-p 00000000 00:00 0 
7ff26b300000-7ff26b500000 rw-p 00000000 00:00 0 
7ff26b500000-7ff26b600000 rw-p 00000000 00:00 0 
7ff26b600000-7ff26b780000 rw-p 00000000 00:00 0 
7ff26b780000-7ff26b800000 rw-p 00000000 00:00 0 
7ff26b800000-7ff26b900000 rw-p 00000000 00:00 0 
7ff26b900000-7ff26ba00000 rw-p 00000000 00:00 0 
7ff26ba00000-7ff26bfc0000 rw-p 00000000 00:00 0 
7ff26bfc0000-7ff26c000000 rw-p 00000000 00:00 0 
7ff26c000000-7ff26c312000 rw-p 00000000 00:00 0 
7ff26c312000-7ff270000000 ---p 00000000 00:00 0 
7ff270000000-7ff27005b000 rw-p 00000000 00:00 0 
7ff27005b000-7ff274000000 ---p 00000000 00:00 0 
7ff274000000-7ff274021000 rw-p 00000000 00:00 0 
7ff274021000-7ff278000000 ---p 00000000 00:00 0 
7ff278000000-7ff2780d1000 rw-p 00000000 00:00 0 
7ff2780d1000-7ff27c000000 ---p 00000000 00:00 0 
7ff27c000000-7ff27c021000 rw-p 00000000 00:00 0 
7ff27c021000-7ff280000000 ---p 00000000 00:00 0 
7ff280000000-7ff280043000 rw-p 00000000 00:00 0 
7ff280043000-7ff284000000 ---p 00000000 00:00 0 
7ff284000000-7ff2848ca000 rw-p 00000000 00:00 0 
7ff2848ca000-7ff288000000 ---p 00000000 00:00 0 
7ff288000000-7ff288025000 rw-p 00000000 00:00 0 
7ff288025000-7ff28c000000 ---p 00000000 00:00 0 
7ff28c000000-7ff28c021000 rw-p 00000000 00:00 0 
7ff28c021000-7ff290000000 ---p 00000000 00:00 0 
7ff290000000-7ff290021000 rw-p 00000000 00:00 0 
7ff290021000-7ff294000000 ---p 00000000 00:00 0 
7ff294000000-7ff294021000 rw-p 00000000 00:00 0 
7ff294021000-7ff298000000 ---p 00000000 00:00 0 
7ff298400000-7ff298500000 rw-p 00000000 00:00 0 
7ff298500000-7ff298600000 rw-p 00000000 00:00 0 
7ff298600000-7ff298900000 rw-p 00000000 00:00 0 
7ff298900000-7ff298a00000 rw-p 00000000 00:00 0 
7ff298a00000-7ff298c00000 rw-p 00000000 00:00 0 
7ff298e00000-7ff298e10000 r-xp 00000000 00:f72 355                       /home/runner/.cache/jdt-language-server/config/org.eclipse.equinox.launcher/org.eclipse.equinox.launcher.gtk.linux.x86_64_1.2.400.v20211117-0650/eclipse_11600.so
7ff298e10000-7ff29900f000 ---p 00010000 00:f72 355                       /home/runner/.cache/jdt-language-server/config/org.eclipse.equinox.launcher/org.eclipse.equinox.launcher.gtk.linux.x86_64_1.2.400.v20211117-0650/eclipse_11600.so
7ff29900f000-7ff299010000 r--p 0000f000 00:f72 355                       /home/runner/.cache/jdt-language-server/config/org.eclipse.equinox.launcher/org.eclipse.equinox.launcher.gtk.linux.x86_64_1.2.400.v20211117-0650/eclipse_11600.so
7ff299010000-7ff299011000 rw-p 00010000 00:f72 355                       /home/runner/.cache/jdt-language-server/config/org.eclipse.equinox.launcher/org.eclipse.equinox.launcher.gtk.linux.x86_64_1.2.400.v20211117-0650/eclipse_11600.so
7ff299700000-7ff299800000 ---p 00000000 00:00 0 
7ff299800000-7ff299daf000 r--p 01122000 00:1192 4611686019135190040      /nix/store/gpxl5qgg8kicmcvivwmybwjlpf7wh20l-graalvm17-ce-22.3.0/lib/libjvmcicompiler.so
7ff299daf000-7ff299f00000 r--p 00000000 00:00 0 
7ff299f00000-7ff299f3d000 rw-p 00000000 00:00 0 
7ff299f3d000-7ff29a45d000 rw-p 0185f000 00:1192 4611686019135190040      /nix/store/gpxl5qgg8kicmcvivwmybwjlpf7wh20l-graalvm17-ce-22.3.0/lib/libjvmcicompiler.so
7ff29a45d000-7ff29a844000 r--p 01d7f000 00:1192 4611686019135190040      /nix/store/gpxl5qgg8kicmcvivwmybwjlpf7wh20l-graalvm17-ce-22.3.0/lib/libjvmcicompiler.so
7ff29a900000-7ff29a904000 ---p 00000000 00:00 0 
7ff29a904000-7ff29aa00000 rw-p 00000000 00:00 0 
7ff29ab00000-7ff29ab04000 ---p 00000000 00:00 0 
7ff29ab04000-7ff29ac00000 rw-p 00000000 00:00 0 
7ff29ad00000-7ff29ad04000 ---p 00000000 00:00 0 
7ff29ad04000-7ff29ae00000 rw-p 00000000 00:00 0 
7ff29af00000-7ff29af04000 ---p 00000000 00:00 0 
7ff29af04000-7ff29b000000 rw-p 00000000 00:00 0 
7ff29b100000-7ff29b104000 ---p 00000000 00:00 0 
7ff29b104000-7ff29b200000 rw-p 00000000 00:00 0 
7ff29b300000-7ff29b304000 ---p 00000000 00:00 0 
7ff29b304000-7ff29b400000 rw-p 00000000 00:00 0 
7ff29b500000-7ff29b504000 ---p 00000000 00:00 0 
7ff29b504000-7ff29b600000 rw-p 00000000 00:00 0 
7ff29b700000-7ff29b704000 ---p 00000000 00:00 0 
7ff29b704000-7ff29b800000 rw-p 00000000 00:00 0 
7ff29b900000-7ff29b904000 ---p 00000000 00:00 0 
7ff29b904000-7ff29ba00000 rw-p 00000000 00:00 0 
7ff29bb00000-7ff29bb04000 ---p 00000000 00:00 0 
7ff29bb04000-7ff29bc00000 rw-p 00000000 00:00 0 
7ff29bd00000-7ff29bd04000 ---p 00000000 00:00 0 
7ff29bd04000-7ff29be00000 rw-p 00000000 00:00 0 
7ff29bf00000-7ff29bf04000 ---p 00000000 00:00 0 
7ff29bf04000-7ff29c000000 rw-p 00000000 00:00 0 
7ff29c100000-7ff29c104000 ---p 00000000 00:00 0 
7ff29c104000-7ff29c200000 rw-p 00000000 00:00 0 
7ff29c200000-7ff29c204000 ---p 00000000 00:00 0 
7ff29c204000-7ff29c300000 rw-p 00000000 00:00 0 
7ff29c300000-7ff29c304000 ---p 00000000 00:00 0 
7ff29c304000-7ff29c400000 rw-p 00000000 00:00 0 
7ff29c500000-7ff29c504000 ---p 00000000 00:00 0 
7ff29c504000-7ff29c600000 rw-p 00000000 00:00 0 
7ff29c700000-7ff29c704000 ---p 00000000 00:00 0 
7ff29c704000-7ff29c800000 rw-p 00000000 00:00 0 
7ff29c800000-7ff29c804000 ---p 00000000 00:00 0 
7ff29c804000-7ff29c900000 rw-p 00000000 00:00 0 
7ff29c900000-7ff29c904000 ---p 00000000 00:00 0 
7ff29c904000-7ff29ca00000 rw-p 00000000 00:00 0 
7ff29d668000-7ff29db00000 rw-p 00000000 00:00 0 
7ff29dc00000-7ff29fd6a000 r-xp 00000000 00:1192 4611686019135190040      /nix/store/gpxl5qgg8kicmcvivwmybwjlpf7wh20l-graalvm17-ce-22.3.0/lib/libjvmcicompiler.so
7ff29fd6a000-7ff29ff69000 ---p 0216a000 00:1192 4611686019135190040      /nix/store/gpxl5qgg8kicmcvivwmybwjlpf7wh20l-graalvm17-ce-22.3.0/lib/libjvmcicompiler.so
7ff29ff69000-7ff29ff6a000 r--p 02169000 00:1192 4611686019135190040      /nix/store/gpxl5qgg8kicmcvivwmybwjlpf7wh20l-graalvm17-ce-22.3.0/lib/libjvmcicompiler.so
7ff29ff6a000-7ff29ff6c000 rw-p 0216a000 00:1192 4611686019135190040      /nix/store/gpxl5qgg8kicmcvivwmybwjlpf7wh20l-graalvm17-ce-22.3.0/lib/libjvmcicompiler.so
7ff29ff6c000-7ff29ff6d000 rw-p 00000000 00:00 0 
7ff29ff6d000-7ff29ff72000 rw-p 023c3000 00:1192 4611686019135190040      /nix/store/gpxl5qgg8kicmcvivwmybwjlpf7wh20l-graalvm17-ce-22.3.0/lib/libjvmcicompiler.so
7ff2a0000000-7ff2a0021000 rw-p 00000000 00:00 0 
7ff2a0021000-7ff2a4000000 ---p 00000000 00:00 0 
7ff2a4000000-7ff2a4021000 rw-p 00000000 00:00 0 
7ff2a4021000-7ff2a8000000 ---p 00000000 00:00 0 
7ff2a8000000-7ff2a8021000 rw-p 00000000 00:00 0 
7ff2a8021000-7ff2ac000000 ---p 00000000 00:00 0 
7ff2ac000000-7ff2ac021000 rw-p 00000000 00:00 0 
7ff2ac021000-7ff2b0000000 ---p 00000000 00:00 0 
7ff2b0000000-7ff2b00ec000 rw-p 00000000 00:00 0 
7ff2b00ec000-7ff2b4000000 ---p 00000000 00:00 0 
7ff2b4000000-7ff2b4bec000 rw-p 00000000 00:00 0 
7ff2b4bec000-7ff2b8000000 ---p 00000000 00:00 0 
7ff2b8000000-7ff2b8021000 rw-p 00000000 00:00 0 
7ff2b8021000-7ff2bc000000 ---p 00000000 00:00 0 
7ff2bc000000-7ff2bc021000 rw-p 00000000 00:00 0 
7ff2bc021000-7ff2c0000000 ---p 00000000 00:00 0 
7ff2c0000000-7ff2c0021000 rw-p 00000000 00:00 0 
7ff2c0021000-7ff2c4000000 ---p 00000000 00:00 0 
7ff2c4000000-7ff2c4021000 rw-p 00000000 00:00 0 
7ff2c4021000-7ff2c8000000 ---p 00000000 00:00 0 
7ff2c8000000-7ff2c8026000 rw-p 00000000 00:00 0 
7ff2c8026000-7ff2cc000000 ---p 00000000 00:00 0 
7ff2cc000000-7ff2cc021000 rw-p 00000000 00:00 0 
7ff2cc021000-7ff2d0000000 ---p 00000000 00:00 0 
7ff2d0000000-7ff2d01e3000 rw-p 00000000 00:00 0 
7ff2d01e3000-7ff2d4004000 ---p 00000000 00:00 0 
7ff2d4004000-7ff2d4100000 rw-p 00000000 00:00 0 
7ff2d4100000-7ff2d4104000 ---p 00000000 00:00 0 
7ff2d4104000-7ff2d4200000 rw-p 00000000 00:00 0 
7ff2d4200000-7ff2d4204000 ---p 00000000 00:00 0 
7ff2d4204000-7ff2d4300000 rw-p 00000000 00:00 0 
7ff2d4300000-7ff2d4304000 ---p 00000000 00:00 0 
7ff2d4304000-7ff2d4400000 rw-p 00000000 00:00 0 
7ff2d4400000-7ff2d4404000 ---p 00000000 00:00 0 
7ff2d4404000-7ff2d4500000 rw-p 00000000 00:00 0 
7ff2d4500000-7ff2d4504000 ---p 00000000 00:00 0 
7ff2d4504000-7ff2d4600000 rw-p 00000000 00:00 0 
7ff2d4700000-7ff2d4704000 ---p 00000000 00:00 0 
7ff2d4704000-7ff2d4800000 rw-p 00000000 00:00 0 
7ff2d4800000-7ff2d4804000 ---p 00000000 00:00 0 
7ff2d4804000-7ff2d4900000 rw-p 00000000 00:00 0 
7ff2d4900000-7ff2d4904000 ---p 00000000 00:00 0 
7ff2d4904000-7ff2d4a00000 rw-p 00000000 00:00 0 
7ff2d4a16000-7ff2d4a1a000 ---p 00000000 00:00 0 
7ff2d4a1a000-7ff2d4b16000 rw-p 00000000 00:00 0 
7ff2d4b16000-7ff2d4b17000 ---p 00000000 00:00 0 
7ff2d4b17000-7ff2d4c18000 rw-p 00000000 00:00 0 
7ff2d4c18000-7ff2d4c1c000 ---p 00000000 00:00 0 
7ff2d4c1c000-7ff2d4d18000 rw-p 00000000 00:00 0 
7ff2d4d18000-7ff2d4d1c000 ---p 00000000 00:00 0 
7ff2d4d1c000-7ff2d4e18000 rw-p 00000000 00:00 0 
7ff2d4e18000-7ff2d4e1c000 ---p 00000000 00:00 0 
7ff2d4e1c000-7ff2d4f18000 rw-p 00000000 00:00 0 
7ff2d4f18000-7ff2d4f1c000 ---p 00000000 00:00 0 
7ff2d4f1c000-7ff2d5118000 rw-p 00000000 00:00 0 
7ff2d5118000-7ff2d511c000 ---p 00000000 00:00 0 
7ff2d511c000-7ff2d5318000 rw-p 00000000 00:00 0 
7ff2d5318000-7ff2d531c000 ---p 00000000 00:00 0 
7ff2d531c000-7ff2d5418000 rw-p 00000000 00:00 0 
7ff2d5418000-7ff2d541c000 ---p 00000000 00:00 0 
7ff2d541c000-7ff2d5518000 rw-p 00000000 00:00 0 
7ff2d5518000-7ff2d551c000 ---p 00000000 00:00 0 
7ff2d551c000-7ff2d5618000 rw-p 00000000 00:00 0 
7ff2d5618000-7ff2d58fe000 r--p 00000000 00:837 28444448                  /usr/lib/locale/locale-archive
7ff2d58fe000-7ff2d5902000 ---p 00000000 00:00 0 
7ff2d5902000-7ff2d59fe000 rw-p 00000000 00:00 0 
7ff2d59fe000-7ff2d5a02000 ---p 00000000 00:00 0 
7ff2d5a02000-7ff2d5afe000 rw-p 00000000 00:00 0 
7ff2d5afe000-7ff2d5aff000 ---p 00000000 00:00 0 
7ff2d5aff000-7ff2d6000000 rw-p 00000000 00:00 0 
7ff2d6000000-7ff2d6300000 rw-p 00000000 00:00 0 
7ff2d6300000-7ff2d6400000 rw-p 00000000 00:00 0 
7ff2d6491000-7ff2d6495000 ---p 00000000 00:00 0 
7ff2d6495000-7ff2d74b3000 rw-p 00000000 00:00 0 
7ff2d74b3000-7ff2d7723000 rwxp 00000000 00:00 0 
7ff2d7723000-7ff2d7a42000 ---p 00000000 00:00 0 
7ff2d7a42000-7ff2d8b12000 rwxp 00000000 00:00 0 
7ff2d8b12000-7ff2def7a000 ---p 00000000 00:00 0 
7ff2def7a000-7ff2df23a000 rwxp 00000000 00:00 0 
7ff2df23a000-7ff2e64b3000 ---p 00000000 00:00 0 
7ff2e64b3000-7ff2f0000000 r--s 00000000 00:1192 4611686019135192581      /nix/store/gpxl5qgg8kicmcvivwmybwjlpf7wh20l-graalvm17-ce-22.3.0/lib/modules
7ff2f0000000-7ff2f0642000 rw-p 00000000 00:00 0 
7ff2f0642000-7ff2f4000000 ---p 00000000 00:00 0 
7ff2f4013000-7ff2f4015000 r-xp 00000000 00:1192 4611686019135190017      /nix/store/gpxl5qgg8kicmcvivwmybwjlpf7wh20l-graalvm17-ce-22.3.0/lib/libextnet.so
7ff2f4015000-7ff2f4016000 r--p 00001000 00:1192 4611686019135190017      /nix/store/gpxl5qgg8kicmcvivwmybwjlpf7wh20l-graalvm17-ce-22.3.0/lib/libextnet.so
7ff2f4016000-7ff2f4017000 rw-p 00002000 00:1192 4611686019135190017      /nix/store/gpxl5qgg8kicmcvivwmybwjlpf7wh20l-graalvm17-ce-22.3.0/lib/libextnet.so
7ff2f4017000-7ff2f4018000 rw-p 00004000 00:1192 4611686019135190017      /nix/store/gpxl5qgg8kicmcvivwmybwjlpf7wh20l-graalvm17-ce-22.3.0/lib/libextnet.so
7ff2f4018000-7ff2f401f000 r-xp 00000000 00:1192 4611686019135192580      /nix/store/gpxl5qgg8kicmcvivwmybwjlpf7wh20l-graalvm17-ce-22.3.0/lib/libzip.so
7ff2f401f000-7ff2f4020000 ---p 00007000 00:1192 4611686019135192580      /nix/store/gpxl5qgg8kicmcvivwmybwjlpf7wh20l-graalvm17-ce-22.3.0/lib/libzip.so
7ff2f4020000-7ff2f4021000 r--p 00007000 00:1192 4611686019135192580      /nix/store/gpxl5qgg8kicmcvivwmybwjlpf7wh20l-graalvm17-ce-22.3.0/lib/libzip.so
7ff2f4021000-7ff2f4022000 rw-p 00008000 00:1192 4611686019135192580      /nix/store/gpxl5qgg8kicmcvivwmybwjlpf7wh20l-graalvm17-ce-22.3.0/lib/libzip.so
7ff2f4022000-7ff2f4024000 rw-p 0000b000 00:1192 4611686019135192580      /nix/store/gpxl5qgg8kicmcvivwmybwjlpf7wh20l-graalvm17-ce-22.3.0/lib/libzip.so
7ff2f4024000-7ff2f4039000 r-xp 00000000 00:1192 4611686019135192570      /nix/store/gpxl5qgg8kicmcvivwmybwjlpf7wh20l-graalvm17-ce-22.3.0/lib/libnet.so
7ff2f4039000-7ff2f403a000 ---p 00015000 00:1192 4611686019135192570      /nix/store/gpxl5qgg8kicmcvivwmybwjlpf7wh20l-graalvm17-ce-22.3.0/lib/libnet.so
7ff2f403a000-7ff2f403b000 r--p 00015000 00:1192 4611686019135192570      /nix/store/gpxl5qgg8kicmcvivwmybwjlpf7wh20l-graalvm17-ce-22.3.0/lib/libnet.so
7ff2f403b000-7ff2f403c000 rw-p 00016000 00:1192 4611686019135192570      /nix/store/gpxl5qgg8kicmcvivwmybwjlpf7wh20l-graalvm17-ce-22.3.0/lib/libnet.so
7ff2f403c000-7ff2f403f000 rw-p 0001b000 00:1192 4611686019135192570      /nix/store/gpxl5qgg8kicmcvivwmybwjlpf7wh20l-graalvm17-ce-22.3.0/lib/libnet.so
7ff2f403f000-7ff2f4052000 r-xp 00000000 00:1192 4611686019135192571      /nix/store/gpxl5qgg8kicmcvivwmybwjlpf7wh20l-graalvm17-ce-22.3.0/lib/libnio.so
7ff2f4052000-7ff2f4053000 r--p 00012000 00:1192 4611686019135192571      /nix/store/gpxl5qgg8kicmcvivwmybwjlpf7wh20l-graalvm17-ce-22.3.0/lib/libnio.so
7ff2f4053000-7ff2f4054000 rw-p 00013000 00:1192 4611686019135192571      /nix/store/gpxl5qgg8kicmcvivwmybwjlpf7wh20l-graalvm17-ce-22.3.0/lib/libnio.so
7ff2f4054000-7ff2f4059000 rw-p 00019000 00:1192 4611686019135192571      /nix/store/gpxl5qgg8kicmcvivwmybwjlpf7wh20l-graalvm17-ce-22.3.0/lib/libnio.so
7ff2f4059000-7ff2f4127000 r-xp 00000000 00:1192 4611686019135190036      /nix/store/gpxl5qgg8kicmcvivwmybwjlpf7wh20l-graalvm17-ce-22.3.0/lib/libjsvml.so
7ff2f4127000-7ff2f4128000 r--p 000cd000 00:1192 4611686019135190036      /nix/store/gpxl5qgg8kicmcvivwmybwjlpf7wh20l-graalvm17-ce-22.3.0/lib/libjsvml.so
7ff2f4128000-7ff2f4129000 rw-p 000ce000 00:1192 4611686019135190036      /nix/store/gpxl5qgg8kicmcvivwmybwjlpf7wh20l-graalvm17-ce-22.3.0/lib/libjsvml.so
7ff2f4129000-7ff2f4a01000 rw-p 00000000 00:00 0 
7ff2f4a01000-7ff2f4a02000 ---p 00000000 00:00 0 
7ff2f4a02000-7ff2f4bad000 rw-p 00000000 00:00 0 
7ff2f4bad000-7ff2f4bd2000 rw-p 00000000 00:00 0 
7ff2f4bd2000-7ff2f4c03000 ---p 00000000 00:00 0 
7ff2f4c03000-7ff2f4c0a000 rw-p 00000000 00:00 0 
7ff2f4c0a000-7ff2f4cef000 ---p 00000000 00:00 0 
7ff2f4cef000-7ff2f4d11000 rw-p 00000000 00:00 0 
7ff2f4d11000-7ff2f4dda000 ---p 00000000 00:00 0 
7ff2f4dda000-7ff2f4ddf000 rw-p 00000000 00:00 0 
7ff2f4ddf000-7ff2f4de6000 ---p 00000000 00:00 0 
7ff2f4de6000-7ff2f4e0a000 r-xp 00000000 00:1192 4611686019135190028      /nix/store/gpxl5qgg8kicmcvivwmybwjlpf7wh20l-graalvm17-ce-22.3.0/lib/libjava.so
7ff2f4e0a000-7ff2f4e0b000 ---p 00024000 00:1192 4611686019135190028      /nix/store/gpxl5qgg8kicmcvivwmybwjlpf7wh20l-graalvm17-ce-22.3.0/lib/libjava.so
7ff2f4e0b000-7ff2f4e0c000 r--p 00024000 00:1192 4611686019135190028      /nix/store/gpxl5qgg8kicmcvivwmybwjlpf7wh20l-graalvm17-ce-22.3.0/lib/libjava.so
7ff2f4e0c000-7ff2f4e0d000 rw-p 00025000 00:1192 4611686019135190028      /nix/store/gpxl5qgg8kicmcvivwmybwjlpf7wh20l-graalvm17-ce-22.3.0/lib/libjava.so
7ff2f4e0d000-7ff2f4e0e000 rw-p 00000000 00:00 0 
7ff2f4e0e000-7ff2f4e15000 rw-p 0002f000 00:1192 4611686019135190028      /nix/store/gpxl5qgg8kicmcvivwmybwjlpf7wh20l-graalvm17-ce-22.3.0/lib/libjava.so
7ff2f4e15000-7ff2f4e1d000 rw-s 00000000 00:67b 350                       /tmp/hsperfdata_runner/32
7ff2f4e1d000-7ff2f4e1e000 ---p 00000000 00:00 0 
7ff2f4e1e000-7ff2f4e1f000 r--p 00000000 00:00 0 
7ff2f4e1f000-7ff2f4e20000 rwxp 00000000 00:00 0 
7ff2f4e20000-7ff2f4e3b000 r-xp 00000000 00:1192 4611686019135190032      /nix/store/gpxl5qgg8kicmcvivwmybwjlpf7wh20l-graalvm17-ce-22.3.0/lib/libjimage.so
7ff2f4e3b000-7ff2f4e3c000 ---p 0001b000 00:1192 4611686019135190032      /nix/store/gpxl5qgg8kicmcvivwmybwjlpf7wh20l-graalvm17-ce-22.3.0/lib/libjimage.so
7ff2f4e3c000-7ff2f4e3e000 r--p 0001b000 00:1192 4611686019135190032      /nix/store/gpxl5qgg8kicmcvivwmybwjlpf7wh20l-graalvm17-ce-22.3.0/lib/libjimage.so
7ff2f4e3e000-7ff2f4e3f000 rw-p 0001d000 00:1192 4611686019135190032      /nix/store/gpxl5qgg8kicmcvivwmybwjlpf7wh20l-graalvm17-ce-22.3.0/lib/libjimage.so
7ff2f4e3f000-7ff2f4e40000 rw-p 00024000 00:1192 4611686019135190032      /nix/store/gpxl5qgg8kicmcvivwmybwjlpf7wh20l-graalvm17-ce-22.3.0/lib/libjimage.so
7ff2f4e40000-7ff2f4e44000 ---p 00000000 00:00 0 
7ff2f4e44000-7ff2f4f40000 rw-p 00000000 00:00 0 
7ff2f4f40000-7ff2f4f4e000 r--p 00000000 00:1192 4611686019027979927      /nix/store/4nlgxhb09sdr51nc9hdm8az5b08vzkgx-glibc-2.35-163/lib/libm.so.6
7ff2f4f4e000-7ff2f4fc1000 r-xp 0000e000 00:1192 4611686019027979927      /nix/store/4nlgxhb09sdr51nc9hdm8az5b08vzkgx-glibc-2.35-163/lib/libm.so.6
7ff2f4fc1000-7ff2f501e000 r--p 00081000 00:1192 4611686019027979927      /nix/store/4nlgxhb09sdr51nc9hdm8az5b08vzkgx-glibc-2.35-163/lib/libm.so.6
7ff2f501e000-7ff2f501f000 r--p 000dd000 00:1192 4611686019027979927      /nix/store/4nlgxhb09sdr51nc9hdm8az5b08vzkgx-glibc-2.35-163/lib/libm.so.6
7ff2f501f000-7ff2f5020000 rw-p 000de000 00:1192 4611686019027979927      /nix/store/4nlgxhb09sdr51nc9hdm8az5b08vzkgx-glibc-2.35-163/lib/libm.so.6
7ff2f5020000-7ff2f5021000 r--p 00000000 00:1192 4611686019027979946      /nix/store/4nlgxhb09sdr51nc9hdm8az5b08vzkgx-glibc-2.35-163/lib/librt.so.1
7ff2f5021000-7ff2f5022000 r-xp 00001000 00:1192 4611686019027979946      /nix/store/4nlgxhb09sdr51nc9hdm8az5b08vzkgx-glibc-2.35-163/lib/librt.so.1
7ff2f5022000-7ff2f5023000 r--p 00002000 00:1192 4611686019027979946      /nix/store/4nlgxhb09sdr51nc9hdm8az5b08vzkgx-glibc-2.35-163/lib/librt.so.1
7ff2f5023000-7ff2f5024000 r--p 00002000 00:1192 4611686019027979946      /nix/store/4nlgxhb09sdr51nc9hdm8az5b08vzkgx-glibc-2.35-163/lib/librt.so.1
7ff2f5024000-7ff2f5025000 rw-p 00003000 00:1192 4611686019027979946      /nix/store/4nlgxhb09sdr51nc9hdm8az5b08vzkgx-glibc-2.35-163/lib/librt.so.1
7ff2f5025000-7ff2f6138000 r-xp 00000000 00:1192 4611686019135360866      /nix/store/gpxl5qgg8kicmcvivwmybwjlpf7wh20l-graalvm17-ce-22.3.0/lib/server/libjvm.so
7ff2f6138000-7ff2f6139000 ---p 01113000 00:1192 4611686019135360866      /nix/store/gpxl5qgg8kicmcvivwmybwjlpf7wh20l-graalvm17-ce-22.3.0/lib/server/libjvm.so
7ff2f6139000-7ff2f61ee000 r--p 01113000 00:1192 4611686019135360866      /nix/store/gpxl5qgg8kicmcvivwmybwjlpf7wh20l-graalvm17-ce-22.3.0/lib/server/libjvm.so
7ff2f61ee000-7ff2f6222000 rw-p 011c8000 00:1192 4611686019135360866      /nix/store/gpxl5qgg8kicmcvivwmybwjlpf7wh20l-graalvm17-ce-22.3.0/lib/server/libjvm.so
7ff2f6222000-7ff2f627e000 rw-p 00000000 00:00 0 
7ff2f627e000-7ff2f62a6000 r--p 00000000 00:1192 4611686019027979918      /nix/store/4nlgxhb09sdr51nc9hdm8az5b08vzkgx-glibc-2.35-163/lib/libc.so.6
7ff2f62a6000-7ff2f641c000 r-xp 00028000 00:1192 4611686019027979918      /nix/store/4nlgxhb09sdr51nc9hdm8az5b08vzkgx-glibc-2.35-163/lib/libc.so.6
7ff2f641c000-7ff2f6474000 r--p 0019e000 00:1192 4611686019027979918      /nix/store/4nlgxhb09sdr51nc9hdm8az5b08vzkgx-glibc-2.35-163/lib/libc.so.6
7ff2f6474000-7ff2f6478000 r--p 001f6000 00:1192 4611686019027979918      /nix/store/4nlgxhb09sdr51nc9hdm8az5b08vzkgx-glibc-2.35-163/lib/libc.so.6
7ff2f6478000-7ff2f647a000 rw-p 001fa000 00:1192 4611686019027979918      /nix/store/4nlgxhb09sdr51nc9hdm8az5b08vzkgx-glibc-2.35-163/lib/libc.so.6
7ff2f647a000-7ff2f6489000 rw-p 00000000 00:00 0 
7ff2f6489000-7ff2f648a000 r--p 00000000 00:1192 4611686019027979923      /nix/store/4nlgxhb09sdr51nc9hdm8az5b08vzkgx-glibc-2.35-163/lib/libdl.so.2
7ff2f648a000-7ff2f648b000 r-xp 00001000 00:1192 4611686019027979923      /nix/store/4nlgxhb09sdr51nc9hdm8az5b08vzkgx-glibc-2.35-163/lib/libdl.so.2
7ff2f648b000-7ff2f648c000 r--p 00002000 00:1192 4611686019027979923      /nix/store/4nlgxhb09sdr51nc9hdm8az5b08vzkgx-glibc-2.35-163/lib/libdl.so.2
7ff2f648c000-7ff2f648d000 r--p 00002000 00:1192 4611686019027979923      /nix/store/4nlgxhb09sdr51nc9hdm8az5b08vzkgx-glibc-2.35-163/lib/libdl.so.2
7ff2f648d000-7ff2f648e000 rw-p 00003000 00:1192 4611686019027979923      /nix/store/4nlgxhb09sdr51nc9hdm8az5b08vzkgx-glibc-2.35-163/lib/libdl.so.2
7ff2f648e000-7ff2f648f000 r--p 00000000 00:1192 4611686019027979942      /nix/store/4nlgxhb09sdr51nc9hdm8az5b08vzkgx-glibc-2.35-163/lib/libpthread.so.0
7ff2f648f000-7ff2f6490000 r-xp 00001000 00:1192 4611686019027979942      /nix/store/4nlgxhb09sdr51nc9hdm8az5b08vzkgx-glibc-2.35-163/lib/libpthread.so.0
7ff2f6490000-7ff2f6491000 r--p 00002000 00:1192 4611686019027979942      /nix/store/4nlgxhb09sdr51nc9hdm8az5b08vzkgx-glibc-2.35-163/lib/libpthread.so.0
7ff2f6491000-7ff2f6492000 r--p 00002000 00:1192 4611686019027979942      /nix/store/4nlgxhb09sdr51nc9hdm8az5b08vzkgx-glibc-2.35-163/lib/libpthread.so.0
7ff2f6492000-7ff2f6493000 rw-p 00003000 00:1192 4611686019027979942      /nix/store/4nlgxhb09sdr51nc9hdm8az5b08vzkgx-glibc-2.35-163/lib/libpthread.so.0
7ff2f6493000-7ff2f64a1000 r-xp 00000000 00:1192 4611686019135190033      /nix/store/gpxl5qgg8kicmcvivwmybwjlpf7wh20l-graalvm17-ce-22.3.0/lib/libjli.so
7ff2f64a1000-7ff2f64a2000 ---p 0000e000 00:1192 4611686019135190033      /nix/store/gpxl5qgg8kicmcvivwmybwjlpf7wh20l-graalvm17-ce-22.3.0/lib/libjli.so
7ff2f64a2000-7ff2f64a3000 r--p 0000e000 00:1192 4611686019135190033      /nix/store/gpxl5qgg8kicmcvivwmybwjlpf7wh20l-graalvm17-ce-22.3.0/lib/libjli.so
7ff2f64a3000-7ff2f64a4000 rw-p 0000f000 00:1192 4611686019135190033      /nix/store/gpxl5qgg8kicmcvivwmybwjlpf7wh20l-graalvm17-ce-22.3.0/lib/libjli.so
7ff2f64a4000-7ff2f64a5000 rw-p 00012000 00:1192 4611686019135190033      /nix/store/gpxl5qgg8kicmcvivwmybwjlpf7wh20l-graalvm17-ce-22.3.0/lib/libjli.so
7ff2f64a5000-7ff2f64a8000 r--p 00000000 00:1192 4611686019106210071      /nix/store/026hln0aq1hyshaxsdvhg0kmcm6yf45r-zlib-1.2.13/lib/libz.so.1.2.13
7ff2f64a8000-7ff2f64ba000 r-xp 00003000 00:1192 4611686019106210071      /nix/store/026hln0aq1hyshaxsdvhg0kmcm6yf45r-zlib-1.2.13/lib/libz.so.1.2.13
7ff2f64ba000-7ff2f64c1000 r--p 00015000 00:1192 4611686019106210071      /nix/store/026hln0aq1hyshaxsdvhg0kmcm6yf45r-zlib-1.2.13/lib/libz.so.1.2.13
7ff2f64c1000-7ff2f64c2000 r--p 0001b000 00:1192 4611686019106210071      /nix/store/026hln0aq1hyshaxsdvhg0kmcm6yf45r-zlib-1.2.13/lib/libz.so.1.2.13
7ff2f64c2000-7ff2f64c3000 rw-p 0001c000 00:1192 4611686019106210071      /nix/store/026hln0aq1hyshaxsdvhg0kmcm6yf45r-zlib-1.2.13/lib/libz.so.1.2.13
7ff2f64c3000-7ff2f64c5000 rw-p 00000000 00:00 0 
7ff2f64c5000-7ff2f64c7000 r--p 00000000 00:1192 4611686019027979912      /nix/store/4nlgxhb09sdr51nc9hdm8az5b08vzkgx-glibc-2.35-163/lib/ld-linux-x86-64.so.2
7ff2f64c7000-7ff2f64ee000 r-xp 00002000 00:1192 4611686019027979912      /nix/store/4nlgxhb09sdr51nc9hdm8az5b08vzkgx-glibc-2.35-163/lib/ld-linux-x86-64.so.2
7ff2f64ee000-7ff2f64fa000 r--p 00029000 00:1192 4611686019027979912      /nix/store/4nlgxhb09sdr51nc9hdm8az5b08vzkgx-glibc-2.35-163/lib/ld-linux-x86-64.so.2
7ff2f64fa000-7ff2f64fc000 r--p 00034000 00:1192 4611686019027979912      /nix/store/4nlgxhb09sdr51nc9hdm8az5b08vzkgx-glibc-2.35-163/lib/ld-linux-x86-64.so.2
7ff2f64fc000-7ff2f64fe000 rw-p 00036000 00:1192 4611686019027979912      /nix/store/4nlgxhb09sdr51nc9hdm8az5b08vzkgx-glibc-2.35-163/lib/ld-linux-x86-64.so.2
7ffcb886c000-7ffcb8890000 rw-p 00000000 00:00 0                          [stack]
7ffcb88e1000-7ffcb88e5000 r--p 00000000 00:00 0                          [vvar]
7ffcb88e5000-7ffcb88e7000 r-xp 00000000 00:00 0                          [vdso]
ffffffffff600000-ffffffffff601000 --xp 00000000 00:00 0                  [vsyscall]


VM Arguments:
jvm_args: -XX:ThreadPriorityPolicy=1 -XX:+UnlockExperimentalVMOptions -XX:+EnableJVMCIProduct -XX:JVMCIThreadsPerNativeLibraryRuntime=1 -XX:-UnlockExperimentalVMOptions -Declipse.application=org.eclipse.jdt.ls.core.id1 -Dosgi.bundles.defaultStartLevel=4 -Declipse.product=org.eclipse.jdt.ls.core.product -Dlog.level=ALL -Xverify:none -XX:+UseParallelGC -XX:GCTimeRatio=4 -XX:AdaptiveSizePolicyWeight=90 -Dsun.zip.disableMemoryMapping=true -Xmx512m -Xms100m 
java_command: /nix/store/m6gcpi1ii6rghy04cjwjddcavv7i90df-jdt-language-server-1.9.0/share/java/plugins/org.eclipse.equinox.launcher_1.6.400.v20210924-0641.jar --add-modules=ALL-SYSTEM --add-opens java.base/java.util=ALL-UNNAMED --add-opens java.base/java.lang=ALL-UNNAMED -configuration /home/runner/.cache/jdt-language-server/config -data /home/runner/.cache/jdt-language-server/data/home/runner/eBayManager
java_class_path (initial): /nix/store/m6gcpi1ii6rghy04cjwjddcavv7i90df-jdt-language-server-1.9.0/share/java/plugins/org.eclipse.equinox.launcher_1.6.400.v20210924-0641.jar
Launcher Type: SUN_STANDARD

[Global flags]
    uintx AdaptiveSizePolicyWeight                 = 90                                        {product} {command line}
     intx CICompilerCount                          = 2                                         {product} {ergonomic}
     bool EnableJVMCIProduct                       = true                                {JVMCI product} {jimage}
    uintx GCTimeRatio                              = 4                                         {product} {command line}
   size_t InitialHeapSize                          = 104857600                                 {product} {command line}
     uint JVMCIThreadsPerNativeLibraryRuntime      = 1                                   {JVMCI product} {jimage}
   size_t MaxHeapSize                              = 536870912                                 {product} {command line}
   size_t MaxNewSize                               = 178782208                                 {product} {ergonomic}
   size_t MinHeapDeltaBytes                        = 524288                                    {product} {ergonomic}
   size_t MinHeapSize                              = 104857600                                 {product} {command line}
   size_t NewSize                                  = 34603008                                  {product} {ergonomic}
    uintx NonNMethodCodeHeapSize                   = 5826188                                {pd product} {ergonomic}
    uintx NonProfiledCodeHeapSize                  = 122916026                              {pd product} {ergonomic}
   size_t OldSize                                  = 70254592                                  {product} {ergonomic}
    uintx ProfiledCodeHeapSize                     = 122916026                              {pd product} {ergonomic}
    uintx ReservedCodeCacheSize                    = 251658240                              {pd product} {ergonomic}
     bool SegmentedCodeCache                       = true                                      {product} {ergonomic}
   size_t SoftMaxHeapSize                          = 536870912                              {manageable} {ergonomic}
     intx ThreadPriorityPolicy                     = 1                                         {product} {jimage}
     bool UseCompressedClassPointers               = true                           {product lp64_product} {ergonomic}
     bool UseCompressedOops                        = true                           {product lp64_product} {ergonomic}
     bool UseParallelGC                            = true                                      {product} {command line}

Logging:
Log output configuration:
 #0: stdout all=warning uptime,level,tags
 #1: stderr all=off uptime,level,tags

Environment Variables:
JAVA_HOME=/nix/store/gpxl5qgg8kicmcvivwmybwjlpf7wh20l-graalvm17-ce-22.3.0
PATH=/nix/store/1d6ian3r8kdzspw8hacjhl3xkp40g1lj-binutils-wrapper-2.39/bin:/nix/store/dq0xwmsk1g0i2ayg6pb7y87na2knzylh-gcc-wrapper-11.3.0/bin:/nix/store/bap4d0lpcrhpwmpb8ayjcgkmvfj62lnq-bash-interactive-5.1-p16/bin:/nix/store/pr5n59mb4jzmfx6kanwxly0l07p861fg-patchelf-0.15.0/bin:/nix/store/1gf2flfqnpqbr1b4p4qz2f72y42bs56r-gcc-11.3.0/bin:/nix/store/57xv61c5zi8pphjbcwxxjlgc34p61ic9-glibc-2.35-163-bin/bin:/nix/store/a7gvj343m05j2s32xcnwr35v31ynlypr-coreutils-9.1/bin:/nix/store/039g378vc3pc3dvi9dzdlrd0i4q93qwf-binutils-2.39/bin:/nix/store/gpxl5qgg8kicmcvivwmybwjlpf7wh20l-graalvm17-ce-22.3.0/bin:/nix/store/6z9ag3ihc8mq2hzsw48lhbznvzny65nz-apache-maven-3.8.6/bin:/nix/store/m6gcpi1ii6rghy04cjwjddcavv7i90df-jdt-language-server-1.9.0/bin:/nix/store/84xs5alhs01zrbr4ywm05kxbjbp5590l-java-debug/bin:/nix/store/mydc6f4k2z73xlcz7ilif3v2lcaiqvza-findutils-4.9.0/bin:/nix/store/j9p3g8472iijd50vhdprx0nmk2fqn5gv-diffutils-3.8/bin:/nix/store/89zs7rms6x00xfq4dq6m7mjnhkr8a6r4-gnused-4.8/bin:/nix/store/86bp03jkmsl6f92w0yzg4s59g5mhxwmy-gnugrep-3.7/bin:/nix/store/hwcdqw4jrjnd37wxqgsd47hd0j8bnj09-gawk-5.1.1/bin:/nix/store/cfbhw8r8ags41vwqaz47r583d0p4h4a1-gnutar-1.34/bin:/nix/store/p3m1ndl1lapwrlh698bnb5lvvxh67378-gzip-1.12/bin:/nix/store/a8mhcagrsly7c7mpjrpsnaahk4aax056-bzip2-1.0.8-bin/bin:/nix/store/mblgz65m3zv9x548a3d5m96fj2pbwr09-gnumake-4.3/bin:/nix/store/dsd5gz46hdbdk2rfdimqddhq6m8m8fqs-bash-5.1-p16/bin:/nix/store/v7ljksji50mg3w61dykaa3n3y79n6nil-patch-2.7.6/bin:/nix/store/zlcnmqq14jz5x9439jf937mvayyl63da-xz-5.2.7-bin/bin:/nix/store/y6aj732zm9m87c82fpvf103a1xb22blp-file-5.43/bin:/nix/store/i4kzir3m7mrisxmf5xvlnkw01x4qaqr4-prybar-elisp-0.0.0-e0d9a52/bin:/nix/store/lwwivxf6h7x3cvxp9zv8sj0mv7dak99r-prybar-lua-0.0.0-e0d9a52/bin:/nix/store/gxj28g1cg4hq3qanmjv07156h800qr58-prybar-python3-0.0.0-e0d9a52/bin:/nix/store/hshkjnxrgidigf8x75vg6lqng2xlx9i3-prybar-sqlite-0.0.0-e0d9a52/bin:/nix/store/c4w01bpjgyy5ixmwdk8m1pw87zq4sl26-prybar-tcl-0.0.0-e0d9a52/bin:/nix/store/hpbvrlwd5viqmvcaisb3x0118i913a9n-st
LD_LIBRARY_PATH=/nix/store/a4pff549sk2idnkpzk5nsfps3mdkdnvm-cups-2.4.2-lib/lib:/nix/store/72mqxxhh3cy5yifh92wh2yb8cl2hikyy-cairo-1.16.0/lib:/nix/store/2k366jrbsra97gjfxwvrhvixjfxdach5-glib-2.74.1/lib:/nix/store/2j2znigd8ak37rlwh9khz0ry3clqlw1l-gtk+3-3.24.34/lib:/nix/store/hisqvx32cd57apbpcsnkpx6k3549wql1-libglvnd-1.4.0/lib:/nix/store/p36pgcv991mq5srvg765b78yqpxvk3qs-mesa-21.3.3-drivers/lib:/nix/store/mav4251if1ahjq5vkpwycyyvnmy459c4-pulseaudio-14.2/lib
DISPLAY=:0
LANG=en_US.UTF-8

Signal Handlers:
   SIGSEGV: crash_handler in libjvm.so, mask=11100100010111111101111111111110, flags=SA_RESTART|SA_SIGINFO
    SIGBUS: crash_handler in libjvm.so, mask=11100100010111111101111111111110, flags=SA_RESTART|SA_SIGINFO
    SIGFPE: crash_handler in libjvm.so, mask=11100100010111111101111111111110, flags=SA_RESTART|SA_SIGINFO
   SIGPIPE: IsolateEnterStub_IgnoreSIGPIPEStartupHook_noopSignalHandler_8f19bff2f35b5f630d83b364d6b2339320d4ec70_216e8361c6bc87a8f89f58cc10d3b2fd4415bf87 in libjvmcicompiler.so, mask=00000000000000000000000000000000, flags=SA_RESTART
  *** Handler was modified!
  *** Expected: javaSignalHandler in libjvm.so, mask=11100100110111111111111111111110, flags=SA_RESTART|SA_SIGINFO
   SIGXFSZ: javaSignalHandler in libjvm.so, mask=11100100010111111101111111111110, flags=SA_RESTART|SA_SIGINFO
    SIGILL: crash_handler in libjvm.so, mask=11100100010111111101111111111110, flags=SA_RESTART|SA_SIGINFO
   SIGUSR2: SR_handler in libjvm.so, mask=00000000000000000000000000000000, flags=SA_RESTART|SA_SIGINFO
    SIGHUP: UserHandler in libjvm.so, mask=11100100010111111101111111111110, flags=SA_RESTART|SA_SIGINFO
    SIGINT: UserHandler in libjvm.so, mask=11100100010111111101111111111110, flags=SA_RESTART|SA_SIGINFO
   SIGTERM: UserHandler in libjvm.so, mask=11100100010111111101111111111110, flags=SA_RESTART|SA_SIGINFO
   SIGQUIT: UserHandler in libjvm.so, mask=11100100010111111101111111111110, flags=SA_RESTART|SA_SIGINFO
  *** Handler was modified!
  *** Expected: javaSignalHandler in libjvm.so, mask=11100100110111111111111111111110, flags=SA_RESTART|SA_SIGINFO
   SIGTRAP: crash_handler in libjvm.so, mask=11100100010111111101111111111110, flags=SA_RESTART|SA_SIGINFO


---------------  S Y S T E M  ---------------

OS:
DISTRIB_ID=Ubuntu
DISTRIB_RELEASE=20.04
DISTRIB_CODENAME=focal
DISTRIB_DESCRIPTION="Ubuntu 20.04.2 LTS"
uname: Linux 5.15.0-1030-gcp #37~20.04.1-Ubuntu SMP Mon Feb 20 04:30:57 UTC 2023 x86_64
OS uptime: 0 days 13:43 hours
libc: glibc 2.35 NPTL 2.35 
rlimit (soft/hard): STACK 8192k/infinity , CORE infinity/infinity , NPROC infinity/infinity , NOFILE 5242/5242 , AS infinity/infinity , CPU infinity/infinity , DATA infinity/infinity , FSIZE infinity/infinity , MEMLOCK 64k/64k
load average: 25.78 19.47 15.88

/proc/meminfo:
MemTotal:       65852732 kB
MemFree:        18756400 kB
MemAvailable:   40816792 kB
Buffers:         2936576 kB
Cached:         17619192 kB
SwapCached:            0 kB
Active:         11319060 kB
Inactive:       30634984 kB
Active(anon):      15672 kB
Inactive(anon): 21029880 kB
Active(file):   11303388 kB
Inactive(file):  9605104 kB
Unevictable:       42596 kB
Mlocked:           42596 kB
SwapTotal:             0 kB
SwapFree:              0 kB
Dirty:              3784 kB
Writeback:             8 kB
AnonPages:      19551520 kB
Mapped:          1959040 kB
Shmem:             65028 kB
KReclaimable:    1878500 kB
Slab:            3961324 kB
SReclaimable:    1878500 kB
SUnreclaim:      2082824 kB
KernelStack:      422340 kB
PageTables:       234100 kB
NFS_Unstable:          0 kB
Bounce:                0 kB
WritebackTmp:          0 kB
CommitLimit:    32926364 kB
Committed_AS:   66208940 kB
VmallocTotal:   34359738367 kB
VmallocUsed:      472368 kB
VmallocChunk:          0 kB
Percpu:            78496 kB
HardwareCorrupted:     0 kB
AnonHugePages:   1716224 kB
ShmemHugePages:        0 kB
ShmemPmdMapped:        0 kB
FileHugePages:         0 kB
FilePmdMapped:         0 kB
HugePages_Total:       0
HugePages_Free:        0
HugePages_Rsvd:        0
HugePages_Surp:        0
Hugepagesize:       2048 kB
Hugetlb:               0 kB
DirectMap4k:     5468992 kB
DirectMap2M:    45907968 kB
DirectMap1G:    17825792 kB

/sys/kernel/mm/transparent_hugepage/enabled: always [madvise] never
/sys/kernel/mm/transparent_hugepage/defrag (defrag/compaction efforts parameter): always defer defer+madvise [madvise] never

Process Memory:
Virtual Size: 5254232K (peak: 5349180K)
Resident Set Size: 748760K (peak: 784568K) (anon: 554236K, file: 194524K, shmem: 0K)
Swapped out: 0K
C-Heap outstanding allocations: 44893K, retained: 16190K
glibc malloc tunables: (default)

/proc/sys/kernel/threads-max (system-wide limit on the number of threads): 514406
/proc/sys/vm/max_map_count (maximum number of memory map areas a process may have): 65530
/proc/sys/kernel/pid_max (system-wide limit on number of process identifiers): 4194304

container (cgroup) information:
container_type: cgroupv1
cpu_cpuset_cpus: 2-7
cpu_memory_nodes: 0
active_processor_count: 1
cpu_quota: 50000
cpu_period: 100000
cpu_shares: 512
memory_limit_in_bytes: 1048576 k
memory_and_swap_limit_in_bytes: 1048576 k
memory_soft_limit_in_bytes: 524288 k
memory_usage_in_bytes: 607212 k
memory_max_usage_in_bytes: 637628 k
maximum number of tasks: 1000
current number of tasks: 49

KVM virtualization detected
Steal ticks since vm start: 0
Steal ticks percentage since vm start:  0.000

CPU: total 8 (initial active 1) (8 cores per cpu, 2 threads per core) family 23 model 49 stepping 0 microcode 0xffffffff, cx8, cmov, fxsr, ht, mmx, 3dnowpref, sse, sse2, sse3, ssse3, sse4a, sse4.1, sse4.2, popcnt, lzcnt, tsc, tscinvbit, avx, avx2, aes, clmul, bmi1, bmi2, adx, sha, fma, vzeroupper, clflush, clflushopt, hv
CPU Model and flags from /proc/cpuinfo:
model name	: AMD EPYC 7B12
flags		: fpu vme de pse tsc msr pae mce cx8 apic sep mtrr pge mca cmov pat pse36 clflush mmx fxsr sse sse2 ht syscall nx mmxext fxsr_opt pdpe1gb rdtscp lm constant_tsc rep_good nopl nonstop_tsc cpuid extd_apicid tsc_known_freq pni pclmulqdq ssse3 fma cx16 sse4_1 sse4_2 movbe popcnt aes xsave avx f16c rdrand hypervisor lahf_lm cmp_legacy cr8_legacy abm sse4a misalignsse 3dnowprefetch osvw topoext ssbd ibrs ibpb stibp vmmcall fsgsbase tsc_adjust bmi1 avx2 smep bmi2 rdseed adx smap clflushopt clwb sha_ni xsaveopt xsavec xgetbv1 clzero xsaveerptr arat npt nrip_save umip rdpid

Online cpus: 0-7
Offline cpus: 
BIOS frequency limitation: <Not Available>
Frequency switch latency (ns): <Not Available>
Available cpu frequencies: <Not Available>
Current governor: <Not Available>
Core performance/turbo boost: <Not Available>

Memory: 4k page, physical 1048576k(441360k free), swap 0k(0k free)
Page Sizes: 4k

vm_info: OpenJDK 64-Bit Server VM (17.0.5+8-jvmci-22.3-b08) for linux-amd64 JRE (17.0.5+8-jvmci-22.3-b08), built on Oct 19 2022 09:01:27 by "buildslave" with gcc 10.3.0

END.
